2024-07-11T09:27:10,172 [INFO ] W-9000-autoencoder_1.0-stdout MODEL_LOG - Listening on addr:port: 127.0.0.1:9000
2024-07-11T09:27:10,188 [INFO ] W-9000-autoencoder_1.0-stdout MODEL_LOG - Successfully loaded C:\Users\theob\AppData\Local\Programs\Python\Python311\Lib\site-packages/ts/configs/metrics.yaml.
2024-07-11T09:27:10,188 [INFO ] W-9000-autoencoder_1.0-stdout MODEL_LOG - [PID]20436
2024-07-11T09:27:10,189 [INFO ] W-9000-autoencoder_1.0-stdout MODEL_LOG - Torch worker started.
2024-07-11T09:27:10,190 [INFO ] W-9000-autoencoder_1.0-stdout MODEL_LOG - Python runtime: 3.11.1
2024-07-11T09:27:10,205 [INFO ] W-9000-autoencoder_1.0-stdout MODEL_LOG - Connection accepted: ('127.0.0.1', 9000).
2024-07-11T09:27:10,226 [INFO ] W-9000-autoencoder_1.0-stdout MODEL_LOG - model_name: autoencoder, batchSize: 1
2024-07-11T09:27:10,531 [INFO ] W-9000-autoencoder_1.0-stdout MODEL_LOG - Enabled tensor cores
2024-07-11T09:27:10,532 [INFO ] W-9000-autoencoder_1.0-stdout MODEL_LOG - OpenVINO is not enabled
2024-07-11T09:27:10,532 [INFO ] W-9000-autoencoder_1.0-stdout MODEL_LOG - proceeding without onnxruntime
2024-07-11T09:27:10,533 [INFO ] W-9000-autoencoder_1.0-stdout MODEL_LOG - Torch TensorRT not enabled
2024-07-11T09:27:10,552 [INFO ] W-9000-autoencoder_1.0-stdout MODEL_LOG - Backend worker process died.
2024-07-11T09:27:10,553 [INFO ] W-9000-autoencoder_1.0-stdout MODEL_LOG - Traceback (most recent call last):
2024-07-11T09:27:10,553 [INFO ] W-9000-autoencoder_1.0-stdout MODEL_LOG -   File "C:\Users\theob\AppData\Local\Programs\Python\Python311\Lib\site-packages\ts\model_loader.py", line 108, in load
2024-07-11T09:27:10,554 [INFO ] W-9000-autoencoder_1.0-stdout MODEL_LOG -     module, function_name = self._load_handler_file(handler)
2024-07-11T09:27:10,554 [INFO ] W-9000-autoencoder_1.0-stdout MODEL_LOG -                             ^^^^^^^^^^^^^^^^^^^^^^^^^^^^^^^^
2024-07-11T09:27:10,555 [INFO ] W-9000-autoencoder_1.0-stdout MODEL_LOG -   File "C:\Users\theob\AppData\Local\Programs\Python\Python311\Lib\site-packages\ts\model_loader.py", line 153, in _load_handler_file
2024-07-11T09:27:10,556 [INFO ] W-9000-autoencoder_1.0-stdout MODEL_LOG -     module = importlib.import_module(module_name)
2024-07-11T09:27:10,556 [INFO ] W-9000-autoencoder_1.0-stdout MODEL_LOG -              ^^^^^^^^^^^^^^^^^^^^^^^^^^^^^^^^^^^^
2024-07-11T09:27:10,556 [INFO ] W-9000-autoencoder_1.0-stdout MODEL_LOG -   File "C:\Users\theob\AppData\Local\Programs\Python\Python311\Lib\importlib\__init__.py", line 126, in import_module
2024-07-11T09:27:10,557 [INFO ] W-9000-autoencoder_1.0-stdout MODEL_LOG -     return _bootstrap._gcd_import(name[level:], package, level)
2024-07-11T09:27:10,557 [INFO ] W-9000-autoencoder_1.0-stdout MODEL_LOG -            ^^^^^^^^^^^^^^^^^^^^^^^^^^^^^^^^^^^^^^^^^^^^^^^^^^^^
2024-07-11T09:27:10,557 [INFO ] W-9000-autoencoder_1.0-stdout MODEL_LOG -   File "<frozen importlib._bootstrap>", line 1206, in _gcd_import
2024-07-11T09:27:10,558 [INFO ] W-9000-autoencoder_1.0-stdout MODEL_LOG -   File "<frozen importlib._bootstrap>", line 1178, in _find_and_load
2024-07-11T09:27:10,558 [INFO ] W-9000-autoencoder_1.0-stdout MODEL_LOG -   File "<frozen importlib._bootstrap>", line 1149, in _find_and_load_unlocked
2024-07-11T09:27:10,558 [INFO ] W-9000-autoencoder_1.0-stdout MODEL_LOG -   File "<frozen importlib._bootstrap>", line 690, in _load_unlocked
2024-07-11T09:27:10,559 [INFO ] W-9000-autoencoder_1.0-stdout MODEL_LOG -   File "<frozen importlib._bootstrap_external>", line 940, in exec_module
2024-07-11T09:27:10,559 [INFO ] W-9000-autoencoder_1.0-stdout MODEL_LOG -   File "<frozen importlib._bootstrap>", line 241, in _call_with_frames_removed
2024-07-11T09:27:10,559 [INFO ] W-9000-autoencoder_1.0-stdout MODEL_LOG -   File "C:\Users\theob\AppData\Local\Temp\models\190b01102ae04d99b379d57afdccd5b7\custom_handler.py", line 5, in <module>
2024-07-11T09:27:10,560 [INFO ] W-9000-autoencoder_1.0-stdout MODEL_LOG -     from autoencoder import Autoencoder
2024-07-11T09:27:10,560 [INFO ] W-9000-autoencoder_1.0-stdout MODEL_LOG -   File "C:\Users\theob\AppData\Local\Temp\models\190b01102ae04d99b379d57afdccd5b7\autoencoder.py", line 4, in <module>
2024-07-11T09:27:10,561 [INFO ] W-9000-autoencoder_1.0-stdout MODEL_LOG -     from preprocess_data import create_dataloader
2024-07-11T09:27:10,561 [INFO ] W-9000-autoencoder_1.0-stdout MODEL_LOG - ModuleNotFoundError: No module named 'preprocess_data'
2024-07-11T09:27:10,562 [INFO ] W-9000-autoencoder_1.0-stdout MODEL_LOG - 
2024-07-11T09:27:10,562 [INFO ] W-9000-autoencoder_1.0-stdout MODEL_LOG - During handling of the above exception, another exception occurred:
2024-07-11T09:27:10,562 [INFO ] W-9000-autoencoder_1.0-stdout MODEL_LOG - 
2024-07-11T09:27:10,563 [INFO ] W-9000-autoencoder_1.0-stdout MODEL_LOG - Traceback (most recent call last):
2024-07-11T09:27:10,563 [INFO ] W-9000-autoencoder_1.0-stdout MODEL_LOG -   File "C:\Users\theob\AppData\Local\Programs\Python\Python311\Lib\site-packages\ts\model_service_worker.py", line 263, in <module>
2024-07-11T09:27:10,564 [INFO ] W-9000-autoencoder_1.0-stdout MODEL_LOG -     worker.run_server()
2024-07-11T09:27:10,564 [INFO ] W-9000-autoencoder_1.0-stdout MODEL_LOG -   File "C:\Users\theob\AppData\Local\Programs\Python\Python311\Lib\site-packages\ts\model_service_worker.py", line 231, in run_server
2024-07-11T09:27:10,564 [INFO ] W-9000-autoencoder_1.0-stdout MODEL_LOG -     self.handle_connection(cl_socket)
2024-07-11T09:27:10,565 [INFO ] W-9000-autoencoder_1.0-stdout MODEL_LOG -   File "C:\Users\theob\AppData\Local\Programs\Python\Python311\Lib\site-packages\ts\model_service_worker.py", line 194, in handle_connection
2024-07-11T09:27:10,565 [INFO ] W-9000-autoencoder_1.0-stdout MODEL_LOG -     service, result, code = self.load_model(msg)
2024-07-11T09:27:10,565 [INFO ] W-9000-autoencoder_1.0-stdout MODEL_LOG -                             ^^^^^^^^^^^^^^^^^^^^
2024-07-11T09:27:10,565 [INFO ] W-9000-autoencoder_1.0-stdout MODEL_LOG -   File "C:\Users\theob\AppData\Local\Programs\Python\Python311\Lib\site-packages\ts\model_service_worker.py", line 131, in load_model
2024-07-11T09:27:10,566 [INFO ] W-9000-autoencoder_1.0-stdout MODEL_LOG -     service = model_loader.load(
2024-07-11T09:27:10,566 [INFO ] W-9000-autoencoder_1.0-stdout MODEL_LOG -               ^^^^^^^^^^^^^^^^^^
2024-07-11T09:27:10,567 [INFO ] W-9000-autoencoder_1.0-stdout MODEL_LOG -   File "C:\Users\theob\AppData\Local\Programs\Python\Python311\Lib\site-packages\ts\model_loader.py", line 110, in load
2024-07-11T09:27:10,567 [INFO ] W-9000-autoencoder_1.0-stdout MODEL_LOG -     module = self._load_default_handler(handler)
2024-07-11T09:27:10,568 [INFO ] W-9000-autoencoder_1.0-stdout MODEL_LOG -              ^^^^^^^^^^^^^^^^^^^^^^^^^^^^^^^^^^^
2024-07-11T09:27:10,568 [INFO ] W-9000-autoencoder_1.0-stdout MODEL_LOG -   File "C:\Users\theob\AppData\Local\Programs\Python\Python311\Lib\site-packages\ts\model_loader.py", line 159, in _load_default_handler
2024-07-11T09:27:10,569 [INFO ] W-9000-autoencoder_1.0-stdout MODEL_LOG -     module = importlib.import_module(module_name, "ts.torch_handler")
2024-07-11T09:27:10,569 [INFO ] W-9000-autoencoder_1.0-stdout MODEL_LOG -              ^^^^^^^^^^^^^^^^^^^^^^^^^^^^^^^^^^^^^^^^^^^^^^^^^^^^^^^^
2024-07-11T09:27:10,569 [INFO ] W-9000-autoencoder_1.0-stdout MODEL_LOG -   File "C:\Users\theob\AppData\Local\Programs\Python\Python311\Lib\importlib\__init__.py", line 126, in import_module
2024-07-11T09:27:10,570 [INFO ] W-9000-autoencoder_1.0-stdout MODEL_LOG -     return _bootstrap._gcd_import(name[level:], package, level)
2024-07-11T09:27:10,570 [INFO ] W-9000-autoencoder_1.0-stdout MODEL_LOG -            ^^^^^^^^^^^^^^^^^^^^^^^^^^^^^^^^^^^^^^^^^^^^^^^^^^^^
2024-07-11T09:27:10,570 [INFO ] W-9000-autoencoder_1.0-stdout MODEL_LOG -   File "<frozen importlib._bootstrap>", line 1206, in _gcd_import
2024-07-11T09:27:10,571 [INFO ] W-9000-autoencoder_1.0-stdout MODEL_LOG -   File "<frozen importlib._bootstrap>", line 1178, in _find_and_load
2024-07-11T09:27:10,571 [INFO ] W-9000-autoencoder_1.0-stdout MODEL_LOG -   File "<frozen importlib._bootstrap>", line 1128, in _find_and_load_unlocked
2024-07-11T09:27:10,572 [INFO ] W-9000-autoencoder_1.0-stdout MODEL_LOG -   File "<frozen importlib._bootstrap>", line 241, in _call_with_frames_removed
2024-07-11T09:27:10,572 [INFO ] W-9000-autoencoder_1.0-stdout MODEL_LOG -   File "<frozen importlib._bootstrap>", line 1206, in _gcd_import
2024-07-11T09:27:10,573 [INFO ] W-9000-autoencoder_1.0-stdout MODEL_LOG -   File "<frozen importlib._bootstrap>", line 1178, in _find_and_load
2024-07-11T09:27:10,573 [INFO ] W-9000-autoencoder_1.0-stdout MODEL_LOG -   File "<frozen importlib._bootstrap>", line 1142, in _find_and_load_unlocked
2024-07-11T09:27:10,573 [INFO ] W-9000-autoencoder_1.0-stdout MODEL_LOG - ModuleNotFoundError: No module named 'ts.torch_handler.custom_handler'
2024-07-11T09:27:12,768 [INFO ] W-9000-autoencoder_1.0-stdout MODEL_LOG - Listening on addr:port: 127.0.0.1:9000
2024-07-11T09:27:12,773 [INFO ] W-9000-autoencoder_1.0-stdout MODEL_LOG - Successfully loaded C:\Users\theob\AppData\Local\Programs\Python\Python311\Lib\site-packages/ts/configs/metrics.yaml.
2024-07-11T09:27:12,773 [INFO ] W-9000-autoencoder_1.0-stdout MODEL_LOG - [PID]22588
2024-07-11T09:27:12,773 [INFO ] W-9000-autoencoder_1.0-stdout MODEL_LOG - Torch worker started.
2024-07-11T09:27:12,773 [INFO ] W-9000-autoencoder_1.0-stdout MODEL_LOG - Python runtime: 3.11.1
2024-07-11T09:27:12,776 [INFO ] W-9000-autoencoder_1.0-stdout MODEL_LOG - Connection accepted: ('127.0.0.1', 9000).
2024-07-11T09:27:12,786 [INFO ] W-9000-autoencoder_1.0-stdout MODEL_LOG - model_name: autoencoder, batchSize: 1
2024-07-11T09:27:12,945 [INFO ] W-9000-autoencoder_1.0-stdout MODEL_LOG - Enabled tensor cores
2024-07-11T09:27:12,946 [INFO ] W-9000-autoencoder_1.0-stdout MODEL_LOG - OpenVINO is not enabled
2024-07-11T09:27:12,946 [INFO ] W-9000-autoencoder_1.0-stdout MODEL_LOG - proceeding without onnxruntime
2024-07-11T09:27:12,946 [INFO ] W-9000-autoencoder_1.0-stdout MODEL_LOG - Torch TensorRT not enabled
2024-07-11T09:27:12,949 [INFO ] W-9000-autoencoder_1.0-stdout MODEL_LOG - Backend worker process died.
2024-07-11T09:27:12,949 [INFO ] W-9000-autoencoder_1.0-stdout MODEL_LOG - Traceback (most recent call last):
2024-07-11T09:27:12,949 [INFO ] W-9000-autoencoder_1.0-stdout MODEL_LOG -   File "C:\Users\theob\AppData\Local\Programs\Python\Python311\Lib\site-packages\ts\model_loader.py", line 108, in load
2024-07-11T09:27:12,950 [INFO ] W-9000-autoencoder_1.0-stdout MODEL_LOG -     module, function_name = self._load_handler_file(handler)
2024-07-11T09:27:12,950 [INFO ] W-9000-autoencoder_1.0-stdout MODEL_LOG -                             ^^^^^^^^^^^^^^^^^^^^^^^^^^^^^^^^
2024-07-11T09:27:12,950 [INFO ] W-9000-autoencoder_1.0-stdout MODEL_LOG -   File "C:\Users\theob\AppData\Local\Programs\Python\Python311\Lib\site-packages\ts\model_loader.py", line 153, in _load_handler_file
2024-07-11T09:27:12,951 [INFO ] W-9000-autoencoder_1.0-stdout MODEL_LOG -     module = importlib.import_module(module_name)
2024-07-11T09:27:12,951 [INFO ] W-9000-autoencoder_1.0-stdout MODEL_LOG -              ^^^^^^^^^^^^^^^^^^^^^^^^^^^^^^^^^^^^
2024-07-11T09:27:12,952 [INFO ] W-9000-autoencoder_1.0-stdout MODEL_LOG -   File "C:\Users\theob\AppData\Local\Programs\Python\Python311\Lib\importlib\__init__.py", line 126, in import_module
2024-07-11T09:27:12,952 [INFO ] W-9000-autoencoder_1.0-stdout MODEL_LOG -     return _bootstrap._gcd_import(name[level:], package, level)
2024-07-11T09:27:12,953 [INFO ] W-9000-autoencoder_1.0-stdout MODEL_LOG -            ^^^^^^^^^^^^^^^^^^^^^^^^^^^^^^^^^^^^^^^^^^^^^^^^^^^^
2024-07-11T09:27:12,953 [INFO ] W-9000-autoencoder_1.0-stdout MODEL_LOG -   File "<frozen importlib._bootstrap>", line 1206, in _gcd_import
2024-07-11T09:27:12,953 [INFO ] W-9000-autoencoder_1.0-stdout MODEL_LOG -   File "<frozen importlib._bootstrap>", line 1178, in _find_and_load
2024-07-11T09:27:12,953 [INFO ] W-9000-autoencoder_1.0-stdout MODEL_LOG -   File "<frozen importlib._bootstrap>", line 1149, in _find_and_load_unlocked
2024-07-11T09:27:12,954 [INFO ] W-9000-autoencoder_1.0-stdout MODEL_LOG -   File "<frozen importlib._bootstrap>", line 690, in _load_unlocked
2024-07-11T09:27:12,954 [INFO ] W-9000-autoencoder_1.0-stdout MODEL_LOG -   File "<frozen importlib._bootstrap_external>", line 940, in exec_module
2024-07-11T09:27:12,954 [INFO ] W-9000-autoencoder_1.0-stdout MODEL_LOG -   File "<frozen importlib._bootstrap>", line 241, in _call_with_frames_removed
2024-07-11T09:27:12,955 [INFO ] W-9000-autoencoder_1.0-stdout MODEL_LOG -   File "C:\Users\theob\AppData\Local\Temp\models\190b01102ae04d99b379d57afdccd5b7\custom_handler.py", line 5, in <module>
2024-07-11T09:27:12,955 [INFO ] W-9000-autoencoder_1.0-stdout MODEL_LOG -     from autoencoder import Autoencoder
2024-07-11T09:27:12,955 [INFO ] W-9000-autoencoder_1.0-stdout MODEL_LOG -   File "C:\Users\theob\AppData\Local\Temp\models\190b01102ae04d99b379d57afdccd5b7\autoencoder.py", line 4, in <module>
2024-07-11T09:27:12,956 [INFO ] W-9000-autoencoder_1.0-stdout MODEL_LOG -     from preprocess_data import create_dataloader
2024-07-11T09:27:12,956 [INFO ] W-9000-autoencoder_1.0-stdout MODEL_LOG - ModuleNotFoundError: No module named 'preprocess_data'
2024-07-11T09:27:12,956 [INFO ] W-9000-autoencoder_1.0-stdout MODEL_LOG - 
2024-07-11T09:27:12,956 [INFO ] W-9000-autoencoder_1.0-stdout MODEL_LOG - During handling of the above exception, another exception occurred:
2024-07-11T09:27:12,957 [INFO ] W-9000-autoencoder_1.0-stdout MODEL_LOG - 
2024-07-11T09:27:12,957 [INFO ] W-9000-autoencoder_1.0-stdout MODEL_LOG - Traceback (most recent call last):
2024-07-11T09:27:12,957 [INFO ] W-9000-autoencoder_1.0-stdout MODEL_LOG -   File "C:\Users\theob\AppData\Local\Programs\Python\Python311\Lib\site-packages\ts\model_service_worker.py", line 263, in <module>
2024-07-11T09:27:12,957 [INFO ] W-9000-autoencoder_1.0-stdout MODEL_LOG -     worker.run_server()
2024-07-11T09:27:12,958 [INFO ] W-9000-autoencoder_1.0-stdout MODEL_LOG -   File "C:\Users\theob\AppData\Local\Programs\Python\Python311\Lib\site-packages\ts\model_service_worker.py", line 231, in run_server
2024-07-11T09:27:12,958 [INFO ] W-9000-autoencoder_1.0-stdout MODEL_LOG -     self.handle_connection(cl_socket)
2024-07-11T09:27:12,958 [INFO ] W-9000-autoencoder_1.0-stdout MODEL_LOG -   File "C:\Users\theob\AppData\Local\Programs\Python\Python311\Lib\site-packages\ts\model_service_worker.py", line 194, in handle_connection
2024-07-11T09:27:12,958 [INFO ] W-9000-autoencoder_1.0-stdout MODEL_LOG -     service, result, code = self.load_model(msg)
2024-07-11T09:27:12,958 [INFO ] W-9000-autoencoder_1.0-stdout MODEL_LOG -                             ^^^^^^^^^^^^^^^^^^^^
2024-07-11T09:27:12,958 [INFO ] W-9000-autoencoder_1.0-stdout MODEL_LOG -   File "C:\Users\theob\AppData\Local\Programs\Python\Python311\Lib\site-packages\ts\model_service_worker.py", line 131, in load_model
2024-07-11T09:27:12,958 [INFO ] W-9000-autoencoder_1.0-stdout MODEL_LOG -     service = model_loader.load(
2024-07-11T09:27:12,958 [INFO ] W-9000-autoencoder_1.0-stdout MODEL_LOG -               ^^^^^^^^^^^^^^^^^^
2024-07-11T09:27:12,960 [INFO ] W-9000-autoencoder_1.0-stdout MODEL_LOG -   File "C:\Users\theob\AppData\Local\Programs\Python\Python311\Lib\site-packages\ts\model_loader.py", line 110, in load
2024-07-11T09:27:12,960 [INFO ] W-9000-autoencoder_1.0-stdout MODEL_LOG -     module = self._load_default_handler(handler)
2024-07-11T09:27:12,960 [INFO ] W-9000-autoencoder_1.0-stdout MODEL_LOG -              ^^^^^^^^^^^^^^^^^^^^^^^^^^^^^^^^^^^
2024-07-11T09:27:12,961 [INFO ] W-9000-autoencoder_1.0-stdout MODEL_LOG -   File "C:\Users\theob\AppData\Local\Programs\Python\Python311\Lib\site-packages\ts\model_loader.py", line 159, in _load_default_handler
2024-07-11T09:27:12,961 [INFO ] W-9000-autoencoder_1.0-stdout MODEL_LOG -     module = importlib.import_module(module_name, "ts.torch_handler")
2024-07-11T09:27:12,961 [INFO ] W-9000-autoencoder_1.0-stdout MODEL_LOG -              ^^^^^^^^^^^^^^^^^^^^^^^^^^^^^^^^^^^^^^^^^^^^^^^^^^^^^^^^
2024-07-11T09:27:12,961 [INFO ] W-9000-autoencoder_1.0-stdout MODEL_LOG -   File "C:\Users\theob\AppData\Local\Programs\Python\Python311\Lib\importlib\__init__.py", line 126, in import_module
2024-07-11T09:27:12,962 [INFO ] W-9000-autoencoder_1.0-stdout MODEL_LOG -     return _bootstrap._gcd_import(name[level:], package, level)
2024-07-11T09:27:12,962 [INFO ] W-9000-autoencoder_1.0-stdout MODEL_LOG -            ^^^^^^^^^^^^^^^^^^^^^^^^^^^^^^^^^^^^^^^^^^^^^^^^^^^^
2024-07-11T09:27:12,962 [INFO ] W-9000-autoencoder_1.0-stdout MODEL_LOG -   File "<frozen importlib._bootstrap>", line 1206, in _gcd_import
2024-07-11T09:27:12,962 [INFO ] W-9000-autoencoder_1.0-stdout MODEL_LOG -   File "<frozen importlib._bootstrap>", line 1178, in _find_and_load
2024-07-11T09:27:12,963 [INFO ] W-9000-autoencoder_1.0-stdout MODEL_LOG -   File "<frozen importlib._bootstrap>", line 1128, in _find_and_load_unlocked
2024-07-11T09:27:12,963 [INFO ] W-9000-autoencoder_1.0-stdout MODEL_LOG -   File "<frozen importlib._bootstrap>", line 241, in _call_with_frames_removed
2024-07-11T09:27:12,963 [INFO ] W-9000-autoencoder_1.0-stdout MODEL_LOG -   File "<frozen importlib._bootstrap>", line 1206, in _gcd_import
2024-07-11T09:27:12,963 [INFO ] W-9000-autoencoder_1.0-stdout MODEL_LOG -   File "<frozen importlib._bootstrap>", line 1178, in _find_and_load
2024-07-11T09:27:12,964 [INFO ] W-9000-autoencoder_1.0-stdout MODEL_LOG -   File "<frozen importlib._bootstrap>", line 1142, in _find_and_load_unlocked
2024-07-11T09:27:12,964 [INFO ] W-9000-autoencoder_1.0-stdout MODEL_LOG - ModuleNotFoundError: No module named 'ts.torch_handler.custom_handler'
2024-07-11T09:27:15,153 [INFO ] W-9000-autoencoder_1.0-stdout MODEL_LOG - Listening on addr:port: 127.0.0.1:9000
2024-07-11T09:27:15,158 [INFO ] W-9000-autoencoder_1.0-stdout MODEL_LOG - Successfully loaded C:\Users\theob\AppData\Local\Programs\Python\Python311\Lib\site-packages/ts/configs/metrics.yaml.
2024-07-11T09:27:15,158 [INFO ] W-9000-autoencoder_1.0-stdout MODEL_LOG - [PID]8608
2024-07-11T09:27:15,158 [INFO ] W-9000-autoencoder_1.0-stdout MODEL_LOG - Torch worker started.
2024-07-11T09:27:15,158 [INFO ] W-9000-autoencoder_1.0-stdout MODEL_LOG - Python runtime: 3.11.1
2024-07-11T09:27:15,160 [INFO ] W-9000-autoencoder_1.0-stdout MODEL_LOG - Connection accepted: ('127.0.0.1', 9000).
2024-07-11T09:27:15,173 [INFO ] W-9000-autoencoder_1.0-stdout MODEL_LOG - model_name: autoencoder, batchSize: 1
2024-07-11T09:27:15,321 [INFO ] W-9000-autoencoder_1.0-stdout MODEL_LOG - Enabled tensor cores
2024-07-11T09:27:15,322 [INFO ] W-9000-autoencoder_1.0-stdout MODEL_LOG - OpenVINO is not enabled
2024-07-11T09:27:15,322 [INFO ] W-9000-autoencoder_1.0-stdout MODEL_LOG - proceeding without onnxruntime
2024-07-11T09:27:15,323 [INFO ] W-9000-autoencoder_1.0-stdout MODEL_LOG - Torch TensorRT not enabled
2024-07-11T09:27:15,324 [INFO ] W-9000-autoencoder_1.0-stdout MODEL_LOG - Backend worker process died.
2024-07-11T09:27:15,325 [INFO ] W-9000-autoencoder_1.0-stdout MODEL_LOG - Traceback (most recent call last):
2024-07-11T09:27:15,325 [INFO ] W-9000-autoencoder_1.0-stdout MODEL_LOG -   File "C:\Users\theob\AppData\Local\Programs\Python\Python311\Lib\site-packages\ts\model_loader.py", line 108, in load
2024-07-11T09:27:15,325 [INFO ] W-9000-autoencoder_1.0-stdout MODEL_LOG -     module, function_name = self._load_handler_file(handler)
2024-07-11T09:27:15,326 [INFO ] W-9000-autoencoder_1.0-stdout MODEL_LOG -                             ^^^^^^^^^^^^^^^^^^^^^^^^^^^^^^^^
2024-07-11T09:27:15,326 [INFO ] W-9000-autoencoder_1.0-stdout MODEL_LOG -   File "C:\Users\theob\AppData\Local\Programs\Python\Python311\Lib\site-packages\ts\model_loader.py", line 153, in _load_handler_file
2024-07-11T09:27:15,326 [INFO ] W-9000-autoencoder_1.0-stdout MODEL_LOG -     module = importlib.import_module(module_name)
2024-07-11T09:27:15,327 [INFO ] W-9000-autoencoder_1.0-stdout MODEL_LOG -              ^^^^^^^^^^^^^^^^^^^^^^^^^^^^^^^^^^^^
2024-07-11T09:27:15,327 [INFO ] W-9000-autoencoder_1.0-stdout MODEL_LOG -   File "C:\Users\theob\AppData\Local\Programs\Python\Python311\Lib\importlib\__init__.py", line 126, in import_module
2024-07-11T09:27:15,327 [INFO ] W-9000-autoencoder_1.0-stdout MODEL_LOG -     return _bootstrap._gcd_import(name[level:], package, level)
2024-07-11T09:27:15,328 [INFO ] W-9000-autoencoder_1.0-stdout MODEL_LOG -            ^^^^^^^^^^^^^^^^^^^^^^^^^^^^^^^^^^^^^^^^^^^^^^^^^^^^
2024-07-11T09:27:15,328 [INFO ] W-9000-autoencoder_1.0-stdout MODEL_LOG -   File "<frozen importlib._bootstrap>", line 1206, in _gcd_import
2024-07-11T09:27:15,328 [INFO ] W-9000-autoencoder_1.0-stdout MODEL_LOG -   File "<frozen importlib._bootstrap>", line 1178, in _find_and_load
2024-07-11T09:27:15,328 [INFO ] W-9000-autoencoder_1.0-stdout MODEL_LOG -   File "<frozen importlib._bootstrap>", line 1149, in _find_and_load_unlocked
2024-07-11T09:27:15,328 [INFO ] W-9000-autoencoder_1.0-stdout MODEL_LOG -   File "<frozen importlib._bootstrap>", line 690, in _load_unlocked
2024-07-11T09:27:15,329 [INFO ] W-9000-autoencoder_1.0-stdout MODEL_LOG -   File "<frozen importlib._bootstrap_external>", line 940, in exec_module
2024-07-11T09:27:15,329 [INFO ] W-9000-autoencoder_1.0-stdout MODEL_LOG -   File "<frozen importlib._bootstrap>", line 241, in _call_with_frames_removed
2024-07-11T09:27:15,329 [INFO ] W-9000-autoencoder_1.0-stdout MODEL_LOG -   File "C:\Users\theob\AppData\Local\Temp\models\190b01102ae04d99b379d57afdccd5b7\custom_handler.py", line 5, in <module>
2024-07-11T09:27:15,329 [INFO ] W-9000-autoencoder_1.0-stdout MODEL_LOG -     from autoencoder import Autoencoder
2024-07-11T09:27:15,329 [INFO ] W-9000-autoencoder_1.0-stdout MODEL_LOG -   File "C:\Users\theob\AppData\Local\Temp\models\190b01102ae04d99b379d57afdccd5b7\autoencoder.py", line 4, in <module>
2024-07-11T09:27:15,329 [INFO ] W-9000-autoencoder_1.0-stdout MODEL_LOG -     from preprocess_data import create_dataloader
2024-07-11T09:27:15,329 [INFO ] W-9000-autoencoder_1.0-stdout MODEL_LOG - ModuleNotFoundError: No module named 'preprocess_data'
2024-07-11T09:27:15,330 [INFO ] W-9000-autoencoder_1.0-stdout MODEL_LOG - 
2024-07-11T09:27:15,330 [INFO ] W-9000-autoencoder_1.0-stdout MODEL_LOG - During handling of the above exception, another exception occurred:
2024-07-11T09:27:15,330 [INFO ] W-9000-autoencoder_1.0-stdout MODEL_LOG - 
2024-07-11T09:27:15,330 [INFO ] W-9000-autoencoder_1.0-stdout MODEL_LOG - Traceback (most recent call last):
2024-07-11T09:27:15,330 [INFO ] W-9000-autoencoder_1.0-stdout MODEL_LOG -   File "C:\Users\theob\AppData\Local\Programs\Python\Python311\Lib\site-packages\ts\model_service_worker.py", line 263, in <module>
2024-07-11T09:27:15,330 [INFO ] W-9000-autoencoder_1.0-stdout MODEL_LOG -     worker.run_server()
2024-07-11T09:27:15,330 [INFO ] W-9000-autoencoder_1.0-stdout MODEL_LOG -   File "C:\Users\theob\AppData\Local\Programs\Python\Python311\Lib\site-packages\ts\model_service_worker.py", line 231, in run_server
2024-07-11T09:27:15,331 [INFO ] W-9000-autoencoder_1.0-stdout MODEL_LOG -     self.handle_connection(cl_socket)
2024-07-11T09:27:15,331 [INFO ] W-9000-autoencoder_1.0-stdout MODEL_LOG -   File "C:\Users\theob\AppData\Local\Programs\Python\Python311\Lib\site-packages\ts\model_service_worker.py", line 194, in handle_connection
2024-07-11T09:27:15,331 [INFO ] W-9000-autoencoder_1.0-stdout MODEL_LOG -     service, result, code = self.load_model(msg)
2024-07-11T09:27:15,331 [INFO ] W-9000-autoencoder_1.0-stdout MODEL_LOG -                             ^^^^^^^^^^^^^^^^^^^^
2024-07-11T09:27:15,331 [INFO ] W-9000-autoencoder_1.0-stdout MODEL_LOG -   File "C:\Users\theob\AppData\Local\Programs\Python\Python311\Lib\site-packages\ts\model_service_worker.py", line 131, in load_model
2024-07-11T09:27:15,331 [INFO ] W-9000-autoencoder_1.0-stdout MODEL_LOG -     service = model_loader.load(
2024-07-11T09:27:15,331 [INFO ] W-9000-autoencoder_1.0-stdout MODEL_LOG -               ^^^^^^^^^^^^^^^^^^
2024-07-11T09:27:15,331 [INFO ] W-9000-autoencoder_1.0-stdout MODEL_LOG -   File "C:\Users\theob\AppData\Local\Programs\Python\Python311\Lib\site-packages\ts\model_loader.py", line 110, in load
2024-07-11T09:27:15,331 [INFO ] W-9000-autoencoder_1.0-stdout MODEL_LOG -     module = self._load_default_handler(handler)
2024-07-11T09:27:15,332 [INFO ] W-9000-autoencoder_1.0-stdout MODEL_LOG -              ^^^^^^^^^^^^^^^^^^^^^^^^^^^^^^^^^^^
2024-07-11T09:27:15,332 [INFO ] W-9000-autoencoder_1.0-stdout MODEL_LOG -   File "C:\Users\theob\AppData\Local\Programs\Python\Python311\Lib\site-packages\ts\model_loader.py", line 159, in _load_default_handler
2024-07-11T09:27:15,332 [INFO ] W-9000-autoencoder_1.0-stdout MODEL_LOG -     module = importlib.import_module(module_name, "ts.torch_handler")
2024-07-11T09:27:15,332 [INFO ] W-9000-autoencoder_1.0-stdout MODEL_LOG -              ^^^^^^^^^^^^^^^^^^^^^^^^^^^^^^^^^^^^^^^^^^^^^^^^^^^^^^^^
2024-07-11T09:27:15,332 [INFO ] W-9000-autoencoder_1.0-stdout MODEL_LOG -   File "C:\Users\theob\AppData\Local\Programs\Python\Python311\Lib\importlib\__init__.py", line 126, in import_module
2024-07-11T09:27:15,332 [INFO ] W-9000-autoencoder_1.0-stdout MODEL_LOG -     return _bootstrap._gcd_import(name[level:], package, level)
2024-07-11T09:27:15,332 [INFO ] W-9000-autoencoder_1.0-stdout MODEL_LOG -            ^^^^^^^^^^^^^^^^^^^^^^^^^^^^^^^^^^^^^^^^^^^^^^^^^^^^
2024-07-11T09:27:15,333 [INFO ] W-9000-autoencoder_1.0-stdout MODEL_LOG -   File "<frozen importlib._bootstrap>", line 1206, in _gcd_import
2024-07-11T09:27:15,333 [INFO ] W-9000-autoencoder_1.0-stdout MODEL_LOG -   File "<frozen importlib._bootstrap>", line 1178, in _find_and_load
2024-07-11T09:27:15,333 [INFO ] W-9000-autoencoder_1.0-stdout MODEL_LOG -   File "<frozen importlib._bootstrap>", line 1128, in _find_and_load_unlocked
2024-07-11T09:27:15,333 [INFO ] W-9000-autoencoder_1.0-stdout MODEL_LOG -   File "<frozen importlib._bootstrap>", line 241, in _call_with_frames_removed
2024-07-11T09:27:15,333 [INFO ] W-9000-autoencoder_1.0-stdout MODEL_LOG -   File "<frozen importlib._bootstrap>", line 1206, in _gcd_import
2024-07-11T09:27:15,333 [INFO ] W-9000-autoencoder_1.0-stdout MODEL_LOG -   File "<frozen importlib._bootstrap>", line 1178, in _find_and_load
2024-07-11T09:27:15,334 [INFO ] W-9000-autoencoder_1.0-stdout MODEL_LOG -   File "<frozen importlib._bootstrap>", line 1142, in _find_and_load_unlocked
2024-07-11T09:27:15,334 [INFO ] W-9000-autoencoder_1.0-stdout MODEL_LOG - ModuleNotFoundError: No module named 'ts.torch_handler.custom_handler'
2024-07-11T09:27:18,519 [INFO ] W-9000-autoencoder_1.0-stdout MODEL_LOG - Listening on addr:port: 127.0.0.1:9000
2024-07-11T09:27:18,524 [INFO ] W-9000-autoencoder_1.0-stdout MODEL_LOG - Successfully loaded C:\Users\theob\AppData\Local\Programs\Python\Python311\Lib\site-packages/ts/configs/metrics.yaml.
2024-07-11T09:27:18,525 [INFO ] W-9000-autoencoder_1.0-stdout MODEL_LOG - [PID]19556
2024-07-11T09:27:18,525 [INFO ] W-9000-autoencoder_1.0-stdout MODEL_LOG - Torch worker started.
2024-07-11T09:27:18,525 [INFO ] W-9000-autoencoder_1.0-stdout MODEL_LOG - Python runtime: 3.11.1
2024-07-11T09:27:18,527 [INFO ] W-9000-autoencoder_1.0-stdout MODEL_LOG - Connection accepted: ('127.0.0.1', 9000).
2024-07-11T09:27:18,543 [INFO ] W-9000-autoencoder_1.0-stdout MODEL_LOG - model_name: autoencoder, batchSize: 1
2024-07-11T09:27:18,697 [INFO ] W-9000-autoencoder_1.0-stdout MODEL_LOG - Enabled tensor cores
2024-07-11T09:27:18,698 [INFO ] W-9000-autoencoder_1.0-stdout MODEL_LOG - OpenVINO is not enabled
2024-07-11T09:27:18,698 [INFO ] W-9000-autoencoder_1.0-stdout MODEL_LOG - proceeding without onnxruntime
2024-07-11T09:27:18,699 [INFO ] W-9000-autoencoder_1.0-stdout MODEL_LOG - Torch TensorRT not enabled
2024-07-11T09:27:18,700 [INFO ] W-9000-autoencoder_1.0-stdout MODEL_LOG - Backend worker process died.
2024-07-11T09:27:18,701 [INFO ] W-9000-autoencoder_1.0-stdout MODEL_LOG - Traceback (most recent call last):
2024-07-11T09:27:18,702 [INFO ] W-9000-autoencoder_1.0-stdout MODEL_LOG -   File "C:\Users\theob\AppData\Local\Programs\Python\Python311\Lib\site-packages\ts\model_loader.py", line 108, in load
2024-07-11T09:27:18,702 [INFO ] W-9000-autoencoder_1.0-stdout MODEL_LOG -     module, function_name = self._load_handler_file(handler)
2024-07-11T09:27:18,702 [INFO ] W-9000-autoencoder_1.0-stdout MODEL_LOG -                             ^^^^^^^^^^^^^^^^^^^^^^^^^^^^^^^^
2024-07-11T09:27:18,704 [INFO ] W-9000-autoencoder_1.0-stdout MODEL_LOG -   File "C:\Users\theob\AppData\Local\Programs\Python\Python311\Lib\site-packages\ts\model_loader.py", line 153, in _load_handler_file
2024-07-11T09:27:18,705 [INFO ] W-9000-autoencoder_1.0-stdout MODEL_LOG -     module = importlib.import_module(module_name)
2024-07-11T09:27:18,706 [INFO ] W-9000-autoencoder_1.0-stdout MODEL_LOG -              ^^^^^^^^^^^^^^^^^^^^^^^^^^^^^^^^^^^^
2024-07-11T09:27:18,707 [INFO ] W-9000-autoencoder_1.0-stdout MODEL_LOG -   File "C:\Users\theob\AppData\Local\Programs\Python\Python311\Lib\importlib\__init__.py", line 126, in import_module
2024-07-11T09:27:18,707 [INFO ] W-9000-autoencoder_1.0-stdout MODEL_LOG -     return _bootstrap._gcd_import(name[level:], package, level)
2024-07-11T09:27:18,707 [INFO ] W-9000-autoencoder_1.0-stdout MODEL_LOG -            ^^^^^^^^^^^^^^^^^^^^^^^^^^^^^^^^^^^^^^^^^^^^^^^^^^^^
2024-07-11T09:27:18,707 [INFO ] W-9000-autoencoder_1.0-stdout MODEL_LOG -   File "<frozen importlib._bootstrap>", line 1206, in _gcd_import
2024-07-11T09:27:18,707 [INFO ] W-9000-autoencoder_1.0-stdout MODEL_LOG -   File "<frozen importlib._bootstrap>", line 1178, in _find_and_load
2024-07-11T09:27:18,708 [INFO ] W-9000-autoencoder_1.0-stdout MODEL_LOG -   File "<frozen importlib._bootstrap>", line 1149, in _find_and_load_unlocked
2024-07-11T09:27:18,708 [INFO ] W-9000-autoencoder_1.0-stdout MODEL_LOG -   File "<frozen importlib._bootstrap>", line 690, in _load_unlocked
2024-07-11T09:27:18,708 [INFO ] W-9000-autoencoder_1.0-stdout MODEL_LOG -   File "<frozen importlib._bootstrap_external>", line 940, in exec_module
2024-07-11T09:27:18,708 [INFO ] W-9000-autoencoder_1.0-stdout MODEL_LOG -   File "<frozen importlib._bootstrap>", line 241, in _call_with_frames_removed
2024-07-11T09:27:18,709 [INFO ] W-9000-autoencoder_1.0-stdout MODEL_LOG -   File "C:\Users\theob\AppData\Local\Temp\models\190b01102ae04d99b379d57afdccd5b7\custom_handler.py", line 5, in <module>
2024-07-11T09:27:18,709 [INFO ] W-9000-autoencoder_1.0-stdout MODEL_LOG -     from autoencoder import Autoencoder
2024-07-11T09:27:18,709 [INFO ] W-9000-autoencoder_1.0-stdout MODEL_LOG -   File "C:\Users\theob\AppData\Local\Temp\models\190b01102ae04d99b379d57afdccd5b7\autoencoder.py", line 4, in <module>
2024-07-11T09:27:18,709 [INFO ] W-9000-autoencoder_1.0-stdout MODEL_LOG -     from preprocess_data import create_dataloader
2024-07-11T09:27:18,709 [INFO ] W-9000-autoencoder_1.0-stdout MODEL_LOG - ModuleNotFoundError: No module named 'preprocess_data'
2024-07-11T09:27:18,710 [INFO ] W-9000-autoencoder_1.0-stdout MODEL_LOG - 
2024-07-11T09:27:18,710 [INFO ] W-9000-autoencoder_1.0-stdout MODEL_LOG - During handling of the above exception, another exception occurred:
2024-07-11T09:27:18,710 [INFO ] W-9000-autoencoder_1.0-stdout MODEL_LOG - 
2024-07-11T09:27:18,710 [INFO ] W-9000-autoencoder_1.0-stdout MODEL_LOG - Traceback (most recent call last):
2024-07-11T09:27:18,711 [INFO ] W-9000-autoencoder_1.0-stdout MODEL_LOG -   File "C:\Users\theob\AppData\Local\Programs\Python\Python311\Lib\site-packages\ts\model_service_worker.py", line 263, in <module>
2024-07-11T09:27:18,711 [INFO ] W-9000-autoencoder_1.0-stdout MODEL_LOG -     worker.run_server()
2024-07-11T09:27:18,711 [INFO ] W-9000-autoencoder_1.0-stdout MODEL_LOG -   File "C:\Users\theob\AppData\Local\Programs\Python\Python311\Lib\site-packages\ts\model_service_worker.py", line 231, in run_server
2024-07-11T09:27:18,712 [INFO ] W-9000-autoencoder_1.0-stdout MODEL_LOG -     self.handle_connection(cl_socket)
2024-07-11T09:27:18,712 [INFO ] W-9000-autoencoder_1.0-stdout MODEL_LOG -   File "C:\Users\theob\AppData\Local\Programs\Python\Python311\Lib\site-packages\ts\model_service_worker.py", line 194, in handle_connection
2024-07-11T09:27:18,712 [INFO ] W-9000-autoencoder_1.0-stdout MODEL_LOG -     service, result, code = self.load_model(msg)
2024-07-11T09:27:18,712 [INFO ] W-9000-autoencoder_1.0-stdout MODEL_LOG -                             ^^^^^^^^^^^^^^^^^^^^
2024-07-11T09:27:18,712 [INFO ] W-9000-autoencoder_1.0-stdout MODEL_LOG -   File "C:\Users\theob\AppData\Local\Programs\Python\Python311\Lib\site-packages\ts\model_service_worker.py", line 131, in load_model
2024-07-11T09:27:18,713 [INFO ] W-9000-autoencoder_1.0-stdout MODEL_LOG -     service = model_loader.load(
2024-07-11T09:27:18,713 [INFO ] W-9000-autoencoder_1.0-stdout MODEL_LOG -               ^^^^^^^^^^^^^^^^^^
2024-07-11T09:27:18,714 [INFO ] W-9000-autoencoder_1.0-stdout MODEL_LOG -   File "C:\Users\theob\AppData\Local\Programs\Python\Python311\Lib\site-packages\ts\model_loader.py", line 110, in load
2024-07-11T09:27:18,714 [INFO ] W-9000-autoencoder_1.0-stdout MODEL_LOG -     module = self._load_default_handler(handler)
2024-07-11T09:27:18,714 [INFO ] W-9000-autoencoder_1.0-stdout MODEL_LOG -              ^^^^^^^^^^^^^^^^^^^^^^^^^^^^^^^^^^^
2024-07-11T09:27:18,715 [INFO ] W-9000-autoencoder_1.0-stdout MODEL_LOG -   File "C:\Users\theob\AppData\Local\Programs\Python\Python311\Lib\site-packages\ts\model_loader.py", line 159, in _load_default_handler
2024-07-11T09:27:18,715 [INFO ] W-9000-autoencoder_1.0-stdout MODEL_LOG -     module = importlib.import_module(module_name, "ts.torch_handler")
2024-07-11T09:27:18,715 [INFO ] W-9000-autoencoder_1.0-stdout MODEL_LOG -              ^^^^^^^^^^^^^^^^^^^^^^^^^^^^^^^^^^^^^^^^^^^^^^^^^^^^^^^^
2024-07-11T09:27:18,715 [INFO ] W-9000-autoencoder_1.0-stdout MODEL_LOG -   File "C:\Users\theob\AppData\Local\Programs\Python\Python311\Lib\importlib\__init__.py", line 126, in import_module
2024-07-11T09:27:18,716 [INFO ] W-9000-autoencoder_1.0-stdout MODEL_LOG -     return _bootstrap._gcd_import(name[level:], package, level)
2024-07-11T09:27:18,716 [INFO ] W-9000-autoencoder_1.0-stdout MODEL_LOG -            ^^^^^^^^^^^^^^^^^^^^^^^^^^^^^^^^^^^^^^^^^^^^^^^^^^^^
2024-07-11T09:27:18,717 [INFO ] W-9000-autoencoder_1.0-stdout MODEL_LOG -   File "<frozen importlib._bootstrap>", line 1206, in _gcd_import
2024-07-11T09:27:18,717 [INFO ] W-9000-autoencoder_1.0-stdout MODEL_LOG -   File "<frozen importlib._bootstrap>", line 1178, in _find_and_load
2024-07-11T09:27:18,717 [INFO ] W-9000-autoencoder_1.0-stdout MODEL_LOG -   File "<frozen importlib._bootstrap>", line 1128, in _find_and_load_unlocked
2024-07-11T09:27:18,717 [INFO ] W-9000-autoencoder_1.0-stdout MODEL_LOG -   File "<frozen importlib._bootstrap>", line 241, in _call_with_frames_removed
2024-07-11T09:27:18,718 [INFO ] W-9000-autoencoder_1.0-stdout MODEL_LOG -   File "<frozen importlib._bootstrap>", line 1206, in _gcd_import
2024-07-11T09:27:18,718 [INFO ] W-9000-autoencoder_1.0-stdout MODEL_LOG -   File "<frozen importlib._bootstrap>", line 1178, in _find_and_load
2024-07-11T09:27:18,718 [INFO ] W-9000-autoencoder_1.0-stdout MODEL_LOG -   File "<frozen importlib._bootstrap>", line 1142, in _find_and_load_unlocked
2024-07-11T09:27:18,718 [INFO ] W-9000-autoencoder_1.0-stdout MODEL_LOG - ModuleNotFoundError: No module named 'ts.torch_handler.custom_handler'
2024-07-11T09:27:22,884 [INFO ] W-9000-autoencoder_1.0-stdout MODEL_LOG - Listening on addr:port: 127.0.0.1:9000
2024-07-11T09:27:22,888 [INFO ] W-9000-autoencoder_1.0-stdout MODEL_LOG - Successfully loaded C:\Users\theob\AppData\Local\Programs\Python\Python311\Lib\site-packages/ts/configs/metrics.yaml.
2024-07-11T09:27:22,888 [INFO ] W-9000-autoencoder_1.0-stdout MODEL_LOG - [PID]14692
2024-07-11T09:27:22,888 [INFO ] W-9000-autoencoder_1.0-stdout MODEL_LOG - Torch worker started.
2024-07-11T09:27:22,889 [INFO ] W-9000-autoencoder_1.0-stdout MODEL_LOG - Python runtime: 3.11.1
2024-07-11T09:27:22,890 [INFO ] W-9000-autoencoder_1.0-stdout MODEL_LOG - Connection accepted: ('127.0.0.1', 9000).
2024-07-11T09:27:22,899 [INFO ] W-9000-autoencoder_1.0-stdout MODEL_LOG - model_name: autoencoder, batchSize: 1
2024-07-11T09:27:23,036 [INFO ] W-9000-autoencoder_1.0-stdout MODEL_LOG - Enabled tensor cores
2024-07-11T09:27:23,036 [INFO ] W-9000-autoencoder_1.0-stdout MODEL_LOG - OpenVINO is not enabled
2024-07-11T09:27:23,038 [INFO ] W-9000-autoencoder_1.0-stdout MODEL_LOG - proceeding without onnxruntime
2024-07-11T09:27:23,038 [INFO ] W-9000-autoencoder_1.0-stdout MODEL_LOG - Torch TensorRT not enabled
2024-07-11T09:27:23,040 [INFO ] W-9000-autoencoder_1.0-stdout MODEL_LOG - Backend worker process died.
2024-07-11T09:27:23,040 [INFO ] W-9000-autoencoder_1.0-stdout MODEL_LOG - Traceback (most recent call last):
2024-07-11T09:27:23,041 [INFO ] W-9000-autoencoder_1.0-stdout MODEL_LOG -   File "C:\Users\theob\AppData\Local\Programs\Python\Python311\Lib\site-packages\ts\model_loader.py", line 108, in load
2024-07-11T09:27:23,042 [INFO ] W-9000-autoencoder_1.0-stdout MODEL_LOG -     module, function_name = self._load_handler_file(handler)
2024-07-11T09:27:23,042 [INFO ] W-9000-autoencoder_1.0-stdout MODEL_LOG -                             ^^^^^^^^^^^^^^^^^^^^^^^^^^^^^^^^
2024-07-11T09:27:23,043 [INFO ] W-9000-autoencoder_1.0-stdout MODEL_LOG -   File "C:\Users\theob\AppData\Local\Programs\Python\Python311\Lib\site-packages\ts\model_loader.py", line 153, in _load_handler_file
2024-07-11T09:27:23,044 [INFO ] W-9000-autoencoder_1.0-stdout MODEL_LOG -     module = importlib.import_module(module_name)
2024-07-11T09:27:23,044 [INFO ] W-9000-autoencoder_1.0-stdout MODEL_LOG -              ^^^^^^^^^^^^^^^^^^^^^^^^^^^^^^^^^^^^
2024-07-11T09:27:23,045 [INFO ] W-9000-autoencoder_1.0-stdout MODEL_LOG -   File "C:\Users\theob\AppData\Local\Programs\Python\Python311\Lib\importlib\__init__.py", line 126, in import_module
2024-07-11T09:27:23,045 [INFO ] W-9000-autoencoder_1.0-stdout MODEL_LOG -     return _bootstrap._gcd_import(name[level:], package, level)
2024-07-11T09:27:23,045 [INFO ] W-9000-autoencoder_1.0-stdout MODEL_LOG -            ^^^^^^^^^^^^^^^^^^^^^^^^^^^^^^^^^^^^^^^^^^^^^^^^^^^^
2024-07-11T09:27:23,046 [INFO ] W-9000-autoencoder_1.0-stdout MODEL_LOG -   File "<frozen importlib._bootstrap>", line 1206, in _gcd_import
2024-07-11T09:27:23,046 [INFO ] W-9000-autoencoder_1.0-stdout MODEL_LOG -   File "<frozen importlib._bootstrap>", line 1178, in _find_and_load
2024-07-11T09:27:23,046 [INFO ] W-9000-autoencoder_1.0-stdout MODEL_LOG -   File "<frozen importlib._bootstrap>", line 1149, in _find_and_load_unlocked
2024-07-11T09:27:23,046 [INFO ] W-9000-autoencoder_1.0-stdout MODEL_LOG -   File "<frozen importlib._bootstrap>", line 690, in _load_unlocked
2024-07-11T09:27:23,046 [INFO ] W-9000-autoencoder_1.0-stdout MODEL_LOG -   File "<frozen importlib._bootstrap_external>", line 940, in exec_module
2024-07-11T09:27:23,047 [INFO ] W-9000-autoencoder_1.0-stdout MODEL_LOG -   File "<frozen importlib._bootstrap>", line 241, in _call_with_frames_removed
2024-07-11T09:27:23,047 [INFO ] W-9000-autoencoder_1.0-stdout MODEL_LOG -   File "C:\Users\theob\AppData\Local\Temp\models\190b01102ae04d99b379d57afdccd5b7\custom_handler.py", line 5, in <module>
2024-07-11T09:27:23,048 [INFO ] W-9000-autoencoder_1.0-stdout MODEL_LOG -     from autoencoder import Autoencoder
2024-07-11T09:27:23,048 [INFO ] W-9000-autoencoder_1.0-stdout MODEL_LOG -   File "C:\Users\theob\AppData\Local\Temp\models\190b01102ae04d99b379d57afdccd5b7\autoencoder.py", line 4, in <module>
2024-07-11T09:27:23,048 [INFO ] W-9000-autoencoder_1.0-stdout MODEL_LOG -     from preprocess_data import create_dataloader
2024-07-11T09:27:23,048 [INFO ] W-9000-autoencoder_1.0-stdout MODEL_LOG - ModuleNotFoundError: No module named 'preprocess_data'
2024-07-11T09:27:23,049 [INFO ] W-9000-autoencoder_1.0-stdout MODEL_LOG - 
2024-07-11T09:27:23,049 [INFO ] W-9000-autoencoder_1.0-stdout MODEL_LOG - During handling of the above exception, another exception occurred:
2024-07-11T09:27:23,049 [INFO ] W-9000-autoencoder_1.0-stdout MODEL_LOG - 
2024-07-11T09:27:23,049 [INFO ] W-9000-autoencoder_1.0-stdout MODEL_LOG - Traceback (most recent call last):
2024-07-11T09:27:23,049 [INFO ] W-9000-autoencoder_1.0-stdout MODEL_LOG -   File "C:\Users\theob\AppData\Local\Programs\Python\Python311\Lib\site-packages\ts\model_service_worker.py", line 263, in <module>
2024-07-11T09:27:23,050 [INFO ] W-9000-autoencoder_1.0-stdout MODEL_LOG -     worker.run_server()
2024-07-11T09:27:23,050 [INFO ] W-9000-autoencoder_1.0-stdout MODEL_LOG -   File "C:\Users\theob\AppData\Local\Programs\Python\Python311\Lib\site-packages\ts\model_service_worker.py", line 231, in run_server
2024-07-11T09:27:23,050 [INFO ] W-9000-autoencoder_1.0-stdout MODEL_LOG -     self.handle_connection(cl_socket)
2024-07-11T09:27:23,050 [INFO ] W-9000-autoencoder_1.0-stdout MODEL_LOG -   File "C:\Users\theob\AppData\Local\Programs\Python\Python311\Lib\site-packages\ts\model_service_worker.py", line 194, in handle_connection
2024-07-11T09:27:23,050 [INFO ] W-9000-autoencoder_1.0-stdout MODEL_LOG -     service, result, code = self.load_model(msg)
2024-07-11T09:27:23,050 [INFO ] W-9000-autoencoder_1.0-stdout MODEL_LOG -                             ^^^^^^^^^^^^^^^^^^^^
2024-07-11T09:27:23,051 [INFO ] W-9000-autoencoder_1.0-stdout MODEL_LOG -   File "C:\Users\theob\AppData\Local\Programs\Python\Python311\Lib\site-packages\ts\model_service_worker.py", line 131, in load_model
2024-07-11T09:27:23,051 [INFO ] W-9000-autoencoder_1.0-stdout MODEL_LOG -     service = model_loader.load(
2024-07-11T09:27:23,051 [INFO ] W-9000-autoencoder_1.0-stdout MODEL_LOG -               ^^^^^^^^^^^^^^^^^^
2024-07-11T09:27:23,051 [INFO ] W-9000-autoencoder_1.0-stdout MODEL_LOG -   File "C:\Users\theob\AppData\Local\Programs\Python\Python311\Lib\site-packages\ts\model_loader.py", line 110, in load
2024-07-11T09:27:23,052 [INFO ] W-9000-autoencoder_1.0-stdout MODEL_LOG -     module = self._load_default_handler(handler)
2024-07-11T09:27:23,052 [INFO ] W-9000-autoencoder_1.0-stdout MODEL_LOG -              ^^^^^^^^^^^^^^^^^^^^^^^^^^^^^^^^^^^
2024-07-11T09:27:23,052 [INFO ] W-9000-autoencoder_1.0-stdout MODEL_LOG -   File "C:\Users\theob\AppData\Local\Programs\Python\Python311\Lib\site-packages\ts\model_loader.py", line 159, in _load_default_handler
2024-07-11T09:27:23,053 [INFO ] W-9000-autoencoder_1.0-stdout MODEL_LOG -     module = importlib.import_module(module_name, "ts.torch_handler")
2024-07-11T09:27:23,053 [INFO ] W-9000-autoencoder_1.0-stdout MODEL_LOG -              ^^^^^^^^^^^^^^^^^^^^^^^^^^^^^^^^^^^^^^^^^^^^^^^^^^^^^^^^
2024-07-11T09:27:23,055 [INFO ] W-9000-autoencoder_1.0-stdout MODEL_LOG -   File "C:\Users\theob\AppData\Local\Programs\Python\Python311\Lib\importlib\__init__.py", line 126, in import_module
2024-07-11T09:27:23,055 [INFO ] W-9000-autoencoder_1.0-stdout MODEL_LOG -     return _bootstrap._gcd_import(name[level:], package, level)
2024-07-11T09:27:23,056 [INFO ] W-9000-autoencoder_1.0-stdout MODEL_LOG -            ^^^^^^^^^^^^^^^^^^^^^^^^^^^^^^^^^^^^^^^^^^^^^^^^^^^^
2024-07-11T09:27:23,056 [INFO ] W-9000-autoencoder_1.0-stdout MODEL_LOG -   File "<frozen importlib._bootstrap>", line 1206, in _gcd_import
2024-07-11T09:27:23,056 [INFO ] W-9000-autoencoder_1.0-stdout MODEL_LOG -   File "<frozen importlib._bootstrap>", line 1178, in _find_and_load
2024-07-11T09:27:23,056 [INFO ] W-9000-autoencoder_1.0-stdout MODEL_LOG -   File "<frozen importlib._bootstrap>", line 1128, in _find_and_load_unlocked
2024-07-11T09:27:23,057 [INFO ] W-9000-autoencoder_1.0-stdout MODEL_LOG -   File "<frozen importlib._bootstrap>", line 241, in _call_with_frames_removed
2024-07-11T09:27:23,057 [INFO ] W-9000-autoencoder_1.0-stdout MODEL_LOG -   File "<frozen importlib._bootstrap>", line 1206, in _gcd_import
2024-07-11T09:27:23,057 [INFO ] W-9000-autoencoder_1.0-stdout MODEL_LOG -   File "<frozen importlib._bootstrap>", line 1178, in _find_and_load
2024-07-11T09:27:23,058 [INFO ] W-9000-autoencoder_1.0-stdout MODEL_LOG -   File "<frozen importlib._bootstrap>", line 1142, in _find_and_load_unlocked
2024-07-11T09:27:23,058 [INFO ] W-9000-autoencoder_1.0-stdout MODEL_LOG - ModuleNotFoundError: No module named 'ts.torch_handler.custom_handler'
2024-07-11T09:27:29,243 [INFO ] W-9000-autoencoder_1.0-stdout MODEL_LOG - Listening on addr:port: 127.0.0.1:9000
2024-07-11T09:27:29,250 [INFO ] W-9000-autoencoder_1.0-stdout MODEL_LOG - Successfully loaded C:\Users\theob\AppData\Local\Programs\Python\Python311\Lib\site-packages/ts/configs/metrics.yaml.
2024-07-11T09:27:29,250 [INFO ] W-9000-autoencoder_1.0-stdout MODEL_LOG - [PID]12532
2024-07-11T09:27:29,250 [INFO ] W-9000-autoencoder_1.0-stdout MODEL_LOG - Torch worker started.
2024-07-11T09:27:29,250 [INFO ] W-9000-autoencoder_1.0-stdout MODEL_LOG - Python runtime: 3.11.1
2024-07-11T09:27:29,252 [INFO ] W-9000-autoencoder_1.0-stdout MODEL_LOG - Connection accepted: ('127.0.0.1', 9000).
2024-07-11T09:27:29,262 [INFO ] W-9000-autoencoder_1.0-stdout MODEL_LOG - model_name: autoencoder, batchSize: 1
2024-07-11T09:27:29,427 [INFO ] W-9000-autoencoder_1.0-stdout MODEL_LOG - Enabled tensor cores
2024-07-11T09:27:29,427 [INFO ] W-9000-autoencoder_1.0-stdout MODEL_LOG - OpenVINO is not enabled
2024-07-11T09:27:29,428 [INFO ] W-9000-autoencoder_1.0-stdout MODEL_LOG - proceeding without onnxruntime
2024-07-11T09:27:29,428 [INFO ] W-9000-autoencoder_1.0-stdout MODEL_LOG - Torch TensorRT not enabled
2024-07-11T09:27:29,430 [INFO ] W-9000-autoencoder_1.0-stdout MODEL_LOG - Backend worker process died.
2024-07-11T09:27:29,431 [INFO ] W-9000-autoencoder_1.0-stdout MODEL_LOG - Traceback (most recent call last):
2024-07-11T09:27:29,431 [INFO ] W-9000-autoencoder_1.0-stdout MODEL_LOG -   File "C:\Users\theob\AppData\Local\Programs\Python\Python311\Lib\site-packages\ts\model_loader.py", line 108, in load
2024-07-11T09:27:29,431 [INFO ] W-9000-autoencoder_1.0-stdout MODEL_LOG -     module, function_name = self._load_handler_file(handler)
2024-07-11T09:27:29,431 [INFO ] W-9000-autoencoder_1.0-stdout MODEL_LOG -                             ^^^^^^^^^^^^^^^^^^^^^^^^^^^^^^^^
2024-07-11T09:27:29,432 [INFO ] W-9000-autoencoder_1.0-stdout MODEL_LOG -   File "C:\Users\theob\AppData\Local\Programs\Python\Python311\Lib\site-packages\ts\model_loader.py", line 153, in _load_handler_file
2024-07-11T09:27:29,432 [INFO ] W-9000-autoencoder_1.0-stdout MODEL_LOG -     module = importlib.import_module(module_name)
2024-07-11T09:27:29,432 [INFO ] W-9000-autoencoder_1.0-stdout MODEL_LOG -              ^^^^^^^^^^^^^^^^^^^^^^^^^^^^^^^^^^^^
2024-07-11T09:27:29,432 [INFO ] W-9000-autoencoder_1.0-stdout MODEL_LOG -   File "C:\Users\theob\AppData\Local\Programs\Python\Python311\Lib\importlib\__init__.py", line 126, in import_module
2024-07-11T09:27:29,433 [INFO ] W-9000-autoencoder_1.0-stdout MODEL_LOG -     return _bootstrap._gcd_import(name[level:], package, level)
2024-07-11T09:27:29,433 [INFO ] W-9000-autoencoder_1.0-stdout MODEL_LOG -            ^^^^^^^^^^^^^^^^^^^^^^^^^^^^^^^^^^^^^^^^^^^^^^^^^^^^
2024-07-11T09:27:29,433 [INFO ] W-9000-autoencoder_1.0-stdout MODEL_LOG -   File "<frozen importlib._bootstrap>", line 1206, in _gcd_import
2024-07-11T09:27:29,434 [INFO ] W-9000-autoencoder_1.0-stdout MODEL_LOG -   File "<frozen importlib._bootstrap>", line 1178, in _find_and_load
2024-07-11T09:27:29,434 [INFO ] W-9000-autoencoder_1.0-stdout MODEL_LOG -   File "<frozen importlib._bootstrap>", line 1149, in _find_and_load_unlocked
2024-07-11T09:27:29,434 [INFO ] W-9000-autoencoder_1.0-stdout MODEL_LOG -   File "<frozen importlib._bootstrap>", line 690, in _load_unlocked
2024-07-11T09:27:29,434 [INFO ] W-9000-autoencoder_1.0-stdout MODEL_LOG -   File "<frozen importlib._bootstrap_external>", line 940, in exec_module
2024-07-11T09:27:29,435 [INFO ] W-9000-autoencoder_1.0-stdout MODEL_LOG -   File "<frozen importlib._bootstrap>", line 241, in _call_with_frames_removed
2024-07-11T09:27:29,435 [INFO ] W-9000-autoencoder_1.0-stdout MODEL_LOG -   File "C:\Users\theob\AppData\Local\Temp\models\190b01102ae04d99b379d57afdccd5b7\custom_handler.py", line 5, in <module>
2024-07-11T09:27:29,435 [INFO ] W-9000-autoencoder_1.0-stdout MODEL_LOG -     from autoencoder import Autoencoder
2024-07-11T09:27:29,435 [INFO ] W-9000-autoencoder_1.0-stdout MODEL_LOG -   File "C:\Users\theob\AppData\Local\Temp\models\190b01102ae04d99b379d57afdccd5b7\autoencoder.py", line 4, in <module>
2024-07-11T09:27:29,435 [INFO ] W-9000-autoencoder_1.0-stdout MODEL_LOG -     from preprocess_data import create_dataloader
2024-07-11T09:27:29,435 [INFO ] W-9000-autoencoder_1.0-stdout MODEL_LOG - ModuleNotFoundError: No module named 'preprocess_data'
2024-07-11T09:27:29,435 [INFO ] W-9000-autoencoder_1.0-stdout MODEL_LOG - 
2024-07-11T09:27:29,436 [INFO ] W-9000-autoencoder_1.0-stdout MODEL_LOG - During handling of the above exception, another exception occurred:
2024-07-11T09:27:29,436 [INFO ] W-9000-autoencoder_1.0-stdout MODEL_LOG - 
2024-07-11T09:27:29,436 [INFO ] W-9000-autoencoder_1.0-stdout MODEL_LOG - Traceback (most recent call last):
2024-07-11T09:27:29,436 [INFO ] W-9000-autoencoder_1.0-stdout MODEL_LOG -   File "C:\Users\theob\AppData\Local\Programs\Python\Python311\Lib\site-packages\ts\model_service_worker.py", line 263, in <module>
2024-07-11T09:27:29,436 [INFO ] W-9000-autoencoder_1.0-stdout MODEL_LOG -     worker.run_server()
2024-07-11T09:27:29,436 [INFO ] W-9000-autoencoder_1.0-stdout MODEL_LOG -   File "C:\Users\theob\AppData\Local\Programs\Python\Python311\Lib\site-packages\ts\model_service_worker.py", line 231, in run_server
2024-07-11T09:27:29,436 [INFO ] W-9000-autoencoder_1.0-stdout MODEL_LOG -     self.handle_connection(cl_socket)
2024-07-11T09:27:29,437 [INFO ] W-9000-autoencoder_1.0-stdout MODEL_LOG -   File "C:\Users\theob\AppData\Local\Programs\Python\Python311\Lib\site-packages\ts\model_service_worker.py", line 194, in handle_connection
2024-07-11T09:27:29,437 [INFO ] W-9000-autoencoder_1.0-stdout MODEL_LOG -     service, result, code = self.load_model(msg)
2024-07-11T09:27:29,437 [INFO ] W-9000-autoencoder_1.0-stdout MODEL_LOG -                             ^^^^^^^^^^^^^^^^^^^^
2024-07-11T09:27:29,437 [INFO ] W-9000-autoencoder_1.0-stdout MODEL_LOG -   File "C:\Users\theob\AppData\Local\Programs\Python\Python311\Lib\site-packages\ts\model_service_worker.py", line 131, in load_model
2024-07-11T09:27:29,437 [INFO ] W-9000-autoencoder_1.0-stdout MODEL_LOG -     service = model_loader.load(
2024-07-11T09:27:29,437 [INFO ] W-9000-autoencoder_1.0-stdout MODEL_LOG -               ^^^^^^^^^^^^^^^^^^
2024-07-11T09:27:29,437 [INFO ] W-9000-autoencoder_1.0-stdout MODEL_LOG -   File "C:\Users\theob\AppData\Local\Programs\Python\Python311\Lib\site-packages\ts\model_loader.py", line 110, in load
2024-07-11T09:27:29,437 [INFO ] W-9000-autoencoder_1.0-stdout MODEL_LOG -     module = self._load_default_handler(handler)
2024-07-11T09:27:29,437 [INFO ] W-9000-autoencoder_1.0-stdout MODEL_LOG -              ^^^^^^^^^^^^^^^^^^^^^^^^^^^^^^^^^^^
2024-07-11T09:27:29,437 [INFO ] W-9000-autoencoder_1.0-stdout MODEL_LOG -   File "C:\Users\theob\AppData\Local\Programs\Python\Python311\Lib\site-packages\ts\model_loader.py", line 159, in _load_default_handler
2024-07-11T09:27:29,439 [INFO ] W-9000-autoencoder_1.0-stdout MODEL_LOG -     module = importlib.import_module(module_name, "ts.torch_handler")
2024-07-11T09:27:29,439 [INFO ] W-9000-autoencoder_1.0-stdout MODEL_LOG -              ^^^^^^^^^^^^^^^^^^^^^^^^^^^^^^^^^^^^^^^^^^^^^^^^^^^^^^^^
2024-07-11T09:27:29,439 [INFO ] W-9000-autoencoder_1.0-stdout MODEL_LOG -   File "C:\Users\theob\AppData\Local\Programs\Python\Python311\Lib\importlib\__init__.py", line 126, in import_module
2024-07-11T09:27:29,439 [INFO ] W-9000-autoencoder_1.0-stdout MODEL_LOG -     return _bootstrap._gcd_import(name[level:], package, level)
2024-07-11T09:27:29,439 [INFO ] W-9000-autoencoder_1.0-stdout MODEL_LOG -            ^^^^^^^^^^^^^^^^^^^^^^^^^^^^^^^^^^^^^^^^^^^^^^^^^^^^
2024-07-11T09:27:29,439 [INFO ] W-9000-autoencoder_1.0-stdout MODEL_LOG -   File "<frozen importlib._bootstrap>", line 1206, in _gcd_import
2024-07-11T09:27:29,440 [INFO ] W-9000-autoencoder_1.0-stdout MODEL_LOG -   File "<frozen importlib._bootstrap>", line 1178, in _find_and_load
2024-07-11T09:27:29,440 [INFO ] W-9000-autoencoder_1.0-stdout MODEL_LOG -   File "<frozen importlib._bootstrap>", line 1128, in _find_and_load_unlocked
2024-07-11T09:27:29,440 [INFO ] W-9000-autoencoder_1.0-stdout MODEL_LOG -   File "<frozen importlib._bootstrap>", line 241, in _call_with_frames_removed
2024-07-11T09:27:29,440 [INFO ] W-9000-autoencoder_1.0-stdout MODEL_LOG -   File "<frozen importlib._bootstrap>", line 1206, in _gcd_import
2024-07-11T09:27:29,440 [INFO ] W-9000-autoencoder_1.0-stdout MODEL_LOG -   File "<frozen importlib._bootstrap>", line 1178, in _find_and_load
2024-07-11T09:27:29,440 [INFO ] W-9000-autoencoder_1.0-stdout MODEL_LOG -   File "<frozen importlib._bootstrap>", line 1142, in _find_and_load_unlocked
2024-07-11T09:27:29,440 [INFO ] W-9000-autoencoder_1.0-stdout MODEL_LOG - ModuleNotFoundError: No module named 'ts.torch_handler.custom_handler'
2024-07-11T09:27:38,616 [INFO ] W-9000-autoencoder_1.0-stdout MODEL_LOG - Listening on addr:port: 127.0.0.1:9000
2024-07-11T09:27:38,621 [INFO ] W-9000-autoencoder_1.0-stdout MODEL_LOG - Successfully loaded C:\Users\theob\AppData\Local\Programs\Python\Python311\Lib\site-packages/ts/configs/metrics.yaml.
2024-07-11T09:27:38,621 [INFO ] W-9000-autoencoder_1.0-stdout MODEL_LOG - [PID]21316
2024-07-11T09:27:38,621 [INFO ] W-9000-autoencoder_1.0-stdout MODEL_LOG - Torch worker started.
2024-07-11T09:27:38,621 [INFO ] W-9000-autoencoder_1.0-stdout MODEL_LOG - Python runtime: 3.11.1
2024-07-11T09:27:38,623 [INFO ] W-9000-autoencoder_1.0-stdout MODEL_LOG - Connection accepted: ('127.0.0.1', 9000).
2024-07-11T09:27:38,635 [INFO ] W-9000-autoencoder_1.0-stdout MODEL_LOG - model_name: autoencoder, batchSize: 1
2024-07-11T09:27:38,776 [INFO ] W-9000-autoencoder_1.0-stdout MODEL_LOG - Enabled tensor cores
2024-07-11T09:27:38,776 [INFO ] W-9000-autoencoder_1.0-stdout MODEL_LOG - OpenVINO is not enabled
2024-07-11T09:27:38,776 [INFO ] W-9000-autoencoder_1.0-stdout MODEL_LOG - proceeding without onnxruntime
2024-07-11T09:27:38,776 [INFO ] W-9000-autoencoder_1.0-stdout MODEL_LOG - Torch TensorRT not enabled
2024-07-11T09:27:38,779 [INFO ] W-9000-autoencoder_1.0-stdout MODEL_LOG - Backend worker process died.
2024-07-11T09:27:38,779 [INFO ] W-9000-autoencoder_1.0-stdout MODEL_LOG - Traceback (most recent call last):
2024-07-11T09:27:38,779 [INFO ] W-9000-autoencoder_1.0-stdout MODEL_LOG -   File "C:\Users\theob\AppData\Local\Programs\Python\Python311\Lib\site-packages\ts\model_loader.py", line 108, in load
2024-07-11T09:27:38,780 [INFO ] W-9000-autoencoder_1.0-stdout MODEL_LOG -     module, function_name = self._load_handler_file(handler)
2024-07-11T09:27:38,780 [INFO ] W-9000-autoencoder_1.0-stdout MODEL_LOG -                             ^^^^^^^^^^^^^^^^^^^^^^^^^^^^^^^^
2024-07-11T09:27:38,782 [INFO ] W-9000-autoencoder_1.0-stdout MODEL_LOG -   File "C:\Users\theob\AppData\Local\Programs\Python\Python311\Lib\site-packages\ts\model_loader.py", line 153, in _load_handler_file
2024-07-11T09:27:38,782 [INFO ] W-9000-autoencoder_1.0-stdout MODEL_LOG -     module = importlib.import_module(module_name)
2024-07-11T09:27:38,784 [INFO ] W-9000-autoencoder_1.0-stdout MODEL_LOG -              ^^^^^^^^^^^^^^^^^^^^^^^^^^^^^^^^^^^^
2024-07-11T09:27:38,784 [INFO ] W-9000-autoencoder_1.0-stdout MODEL_LOG -   File "C:\Users\theob\AppData\Local\Programs\Python\Python311\Lib\importlib\__init__.py", line 126, in import_module
2024-07-11T09:27:38,785 [INFO ] W-9000-autoencoder_1.0-stdout MODEL_LOG -     return _bootstrap._gcd_import(name[level:], package, level)
2024-07-11T09:27:38,785 [INFO ] W-9000-autoencoder_1.0-stdout MODEL_LOG -            ^^^^^^^^^^^^^^^^^^^^^^^^^^^^^^^^^^^^^^^^^^^^^^^^^^^^
2024-07-11T09:27:38,785 [INFO ] W-9000-autoencoder_1.0-stdout MODEL_LOG -   File "<frozen importlib._bootstrap>", line 1206, in _gcd_import
2024-07-11T09:27:38,785 [INFO ] W-9000-autoencoder_1.0-stdout MODEL_LOG -   File "<frozen importlib._bootstrap>", line 1178, in _find_and_load
2024-07-11T09:27:38,785 [INFO ] W-9000-autoencoder_1.0-stdout MODEL_LOG -   File "<frozen importlib._bootstrap>", line 1149, in _find_and_load_unlocked
2024-07-11T09:27:38,785 [INFO ] W-9000-autoencoder_1.0-stdout MODEL_LOG -   File "<frozen importlib._bootstrap>", line 690, in _load_unlocked
2024-07-11T09:27:38,785 [INFO ] W-9000-autoencoder_1.0-stdout MODEL_LOG -   File "<frozen importlib._bootstrap_external>", line 940, in exec_module
2024-07-11T09:27:38,785 [INFO ] W-9000-autoencoder_1.0-stdout MODEL_LOG -   File "<frozen importlib._bootstrap>", line 241, in _call_with_frames_removed
2024-07-11T09:27:38,785 [INFO ] W-9000-autoencoder_1.0-stdout MODEL_LOG -   File "C:\Users\theob\AppData\Local\Temp\models\190b01102ae04d99b379d57afdccd5b7\custom_handler.py", line 5, in <module>
2024-07-11T09:27:38,785 [INFO ] W-9000-autoencoder_1.0-stdout MODEL_LOG -     from autoencoder import Autoencoder
2024-07-11T09:27:38,785 [INFO ] W-9000-autoencoder_1.0-stdout MODEL_LOG -   File "C:\Users\theob\AppData\Local\Temp\models\190b01102ae04d99b379d57afdccd5b7\autoencoder.py", line 4, in <module>
2024-07-11T09:27:38,787 [INFO ] W-9000-autoencoder_1.0-stdout MODEL_LOG -     from preprocess_data import create_dataloader
2024-07-11T09:27:38,787 [INFO ] W-9000-autoencoder_1.0-stdout MODEL_LOG - ModuleNotFoundError: No module named 'preprocess_data'
2024-07-11T09:27:38,787 [INFO ] W-9000-autoencoder_1.0-stdout MODEL_LOG - 
2024-07-11T09:27:38,787 [INFO ] W-9000-autoencoder_1.0-stdout MODEL_LOG - During handling of the above exception, another exception occurred:
2024-07-11T09:27:38,787 [INFO ] W-9000-autoencoder_1.0-stdout MODEL_LOG - 
2024-07-11T09:27:38,788 [INFO ] W-9000-autoencoder_1.0-stdout MODEL_LOG - Traceback (most recent call last):
2024-07-11T09:27:38,788 [INFO ] W-9000-autoencoder_1.0-stdout MODEL_LOG -   File "C:\Users\theob\AppData\Local\Programs\Python\Python311\Lib\site-packages\ts\model_service_worker.py", line 263, in <module>
2024-07-11T09:27:38,789 [INFO ] W-9000-autoencoder_1.0-stdout MODEL_LOG -     worker.run_server()
2024-07-11T09:27:38,789 [INFO ] W-9000-autoencoder_1.0-stdout MODEL_LOG -   File "C:\Users\theob\AppData\Local\Programs\Python\Python311\Lib\site-packages\ts\model_service_worker.py", line 231, in run_server
2024-07-11T09:27:38,789 [INFO ] W-9000-autoencoder_1.0-stdout MODEL_LOG -     self.handle_connection(cl_socket)
2024-07-11T09:27:38,789 [INFO ] W-9000-autoencoder_1.0-stdout MODEL_LOG -   File "C:\Users\theob\AppData\Local\Programs\Python\Python311\Lib\site-packages\ts\model_service_worker.py", line 194, in handle_connection
2024-07-11T09:27:38,789 [INFO ] W-9000-autoencoder_1.0-stdout MODEL_LOG -     service, result, code = self.load_model(msg)
2024-07-11T09:27:38,789 [INFO ] W-9000-autoencoder_1.0-stdout MODEL_LOG -                             ^^^^^^^^^^^^^^^^^^^^
2024-07-11T09:27:38,789 [INFO ] W-9000-autoencoder_1.0-stdout MODEL_LOG -   File "C:\Users\theob\AppData\Local\Programs\Python\Python311\Lib\site-packages\ts\model_service_worker.py", line 131, in load_model
2024-07-11T09:27:38,789 [INFO ] W-9000-autoencoder_1.0-stdout MODEL_LOG -     service = model_loader.load(
2024-07-11T09:27:38,791 [INFO ] W-9000-autoencoder_1.0-stdout MODEL_LOG -               ^^^^^^^^^^^^^^^^^^
2024-07-11T09:27:38,791 [INFO ] W-9000-autoencoder_1.0-stdout MODEL_LOG -   File "C:\Users\theob\AppData\Local\Programs\Python\Python311\Lib\site-packages\ts\model_loader.py", line 110, in load
2024-07-11T09:27:38,791 [INFO ] W-9000-autoencoder_1.0-stdout MODEL_LOG -     module = self._load_default_handler(handler)
2024-07-11T09:27:38,791 [INFO ] W-9000-autoencoder_1.0-stdout MODEL_LOG -              ^^^^^^^^^^^^^^^^^^^^^^^^^^^^^^^^^^^
2024-07-11T09:27:38,791 [INFO ] W-9000-autoencoder_1.0-stdout MODEL_LOG -   File "C:\Users\theob\AppData\Local\Programs\Python\Python311\Lib\site-packages\ts\model_loader.py", line 159, in _load_default_handler
2024-07-11T09:27:38,791 [INFO ] W-9000-autoencoder_1.0-stdout MODEL_LOG -     module = importlib.import_module(module_name, "ts.torch_handler")
2024-07-11T09:27:38,791 [INFO ] W-9000-autoencoder_1.0-stdout MODEL_LOG -              ^^^^^^^^^^^^^^^^^^^^^^^^^^^^^^^^^^^^^^^^^^^^^^^^^^^^^^^^
2024-07-11T09:27:38,791 [INFO ] W-9000-autoencoder_1.0-stdout MODEL_LOG -   File "C:\Users\theob\AppData\Local\Programs\Python\Python311\Lib\importlib\__init__.py", line 126, in import_module
2024-07-11T09:27:38,791 [INFO ] W-9000-autoencoder_1.0-stdout MODEL_LOG -     return _bootstrap._gcd_import(name[level:], package, level)
2024-07-11T09:27:38,792 [INFO ] W-9000-autoencoder_1.0-stdout MODEL_LOG -            ^^^^^^^^^^^^^^^^^^^^^^^^^^^^^^^^^^^^^^^^^^^^^^^^^^^^
2024-07-11T09:27:38,792 [INFO ] W-9000-autoencoder_1.0-stdout MODEL_LOG -   File "<frozen importlib._bootstrap>", line 1206, in _gcd_import
2024-07-11T09:27:38,792 [INFO ] W-9000-autoencoder_1.0-stdout MODEL_LOG -   File "<frozen importlib._bootstrap>", line 1178, in _find_and_load
2024-07-11T09:27:38,792 [INFO ] W-9000-autoencoder_1.0-stdout MODEL_LOG -   File "<frozen importlib._bootstrap>", line 1128, in _find_and_load_unlocked
2024-07-11T09:27:38,792 [INFO ] W-9000-autoencoder_1.0-stdout MODEL_LOG -   File "<frozen importlib._bootstrap>", line 241, in _call_with_frames_removed
2024-07-11T09:27:38,792 [INFO ] W-9000-autoencoder_1.0-stdout MODEL_LOG -   File "<frozen importlib._bootstrap>", line 1206, in _gcd_import
2024-07-11T09:27:38,792 [INFO ] W-9000-autoencoder_1.0-stdout MODEL_LOG -   File "<frozen importlib._bootstrap>", line 1178, in _find_and_load
2024-07-11T09:27:38,792 [INFO ] W-9000-autoencoder_1.0-stdout MODEL_LOG -   File "<frozen importlib._bootstrap>", line 1142, in _find_and_load_unlocked
2024-07-11T09:27:38,794 [INFO ] W-9000-autoencoder_1.0-stdout MODEL_LOG - ModuleNotFoundError: No module named 'ts.torch_handler.custom_handler'
2024-07-11T09:27:52,950 [INFO ] W-9000-autoencoder_1.0-stdout MODEL_LOG - Listening on addr:port: 127.0.0.1:9000
2024-07-11T09:27:52,953 [INFO ] W-9000-autoencoder_1.0-stdout MODEL_LOG - Successfully loaded C:\Users\theob\AppData\Local\Programs\Python\Python311\Lib\site-packages/ts/configs/metrics.yaml.
2024-07-11T09:27:52,954 [INFO ] W-9000-autoencoder_1.0-stdout MODEL_LOG - [PID]23844
2024-07-11T09:27:52,954 [INFO ] W-9000-autoencoder_1.0-stdout MODEL_LOG - Torch worker started.
2024-07-11T09:27:52,955 [INFO ] W-9000-autoencoder_1.0-stdout MODEL_LOG - Python runtime: 3.11.1
2024-07-11T09:27:52,956 [INFO ] W-9000-autoencoder_1.0-stdout MODEL_LOG - Connection accepted: ('127.0.0.1', 9000).
2024-07-11T09:27:52,966 [INFO ] W-9000-autoencoder_1.0-stdout MODEL_LOG - model_name: autoencoder, batchSize: 1
2024-07-11T09:27:53,119 [INFO ] W-9000-autoencoder_1.0-stdout MODEL_LOG - Enabled tensor cores
2024-07-11T09:27:53,120 [INFO ] W-9000-autoencoder_1.0-stdout MODEL_LOG - OpenVINO is not enabled
2024-07-11T09:27:53,120 [INFO ] W-9000-autoencoder_1.0-stdout MODEL_LOG - proceeding without onnxruntime
2024-07-11T09:27:53,121 [INFO ] W-9000-autoencoder_1.0-stdout MODEL_LOG - Torch TensorRT not enabled
2024-07-11T09:27:53,123 [INFO ] W-9000-autoencoder_1.0-stdout MODEL_LOG - Backend worker process died.
2024-07-11T09:27:53,123 [INFO ] W-9000-autoencoder_1.0-stdout MODEL_LOG - Traceback (most recent call last):
2024-07-11T09:27:53,123 [INFO ] W-9000-autoencoder_1.0-stdout MODEL_LOG -   File "C:\Users\theob\AppData\Local\Programs\Python\Python311\Lib\site-packages\ts\model_loader.py", line 108, in load
2024-07-11T09:27:53,124 [INFO ] W-9000-autoencoder_1.0-stdout MODEL_LOG -     module, function_name = self._load_handler_file(handler)
2024-07-11T09:27:53,124 [INFO ] W-9000-autoencoder_1.0-stdout MODEL_LOG -                             ^^^^^^^^^^^^^^^^^^^^^^^^^^^^^^^^
2024-07-11T09:27:53,127 [INFO ] W-9000-autoencoder_1.0-stdout MODEL_LOG -   File "C:\Users\theob\AppData\Local\Programs\Python\Python311\Lib\site-packages\ts\model_loader.py", line 153, in _load_handler_file
2024-07-11T09:27:53,127 [INFO ] W-9000-autoencoder_1.0-stdout MODEL_LOG -     module = importlib.import_module(module_name)
2024-07-11T09:27:53,128 [INFO ] W-9000-autoencoder_1.0-stdout MODEL_LOG -              ^^^^^^^^^^^^^^^^^^^^^^^^^^^^^^^^^^^^
2024-07-11T09:27:53,128 [INFO ] W-9000-autoencoder_1.0-stdout MODEL_LOG -   File "C:\Users\theob\AppData\Local\Programs\Python\Python311\Lib\importlib\__init__.py", line 126, in import_module
2024-07-11T09:27:53,129 [INFO ] W-9000-autoencoder_1.0-stdout MODEL_LOG -     return _bootstrap._gcd_import(name[level:], package, level)
2024-07-11T09:27:53,129 [INFO ] W-9000-autoencoder_1.0-stdout MODEL_LOG -            ^^^^^^^^^^^^^^^^^^^^^^^^^^^^^^^^^^^^^^^^^^^^^^^^^^^^
2024-07-11T09:27:53,129 [INFO ] W-9000-autoencoder_1.0-stdout MODEL_LOG -   File "<frozen importlib._bootstrap>", line 1206, in _gcd_import
2024-07-11T09:27:53,129 [INFO ] W-9000-autoencoder_1.0-stdout MODEL_LOG -   File "<frozen importlib._bootstrap>", line 1178, in _find_and_load
2024-07-11T09:27:53,129 [INFO ] W-9000-autoencoder_1.0-stdout MODEL_LOG -   File "<frozen importlib._bootstrap>", line 1149, in _find_and_load_unlocked
2024-07-11T09:27:53,129 [INFO ] W-9000-autoencoder_1.0-stdout MODEL_LOG -   File "<frozen importlib._bootstrap>", line 690, in _load_unlocked
2024-07-11T09:27:53,129 [INFO ] W-9000-autoencoder_1.0-stdout MODEL_LOG -   File "<frozen importlib._bootstrap_external>", line 940, in exec_module
2024-07-11T09:27:53,129 [INFO ] W-9000-autoencoder_1.0-stdout MODEL_LOG -   File "<frozen importlib._bootstrap>", line 241, in _call_with_frames_removed
2024-07-11T09:27:53,131 [INFO ] W-9000-autoencoder_1.0-stdout MODEL_LOG -   File "C:\Users\theob\AppData\Local\Temp\models\190b01102ae04d99b379d57afdccd5b7\custom_handler.py", line 5, in <module>
2024-07-11T09:27:53,131 [INFO ] W-9000-autoencoder_1.0-stdout MODEL_LOG -     from autoencoder import Autoencoder
2024-07-11T09:27:53,131 [INFO ] W-9000-autoencoder_1.0-stdout MODEL_LOG -   File "C:\Users\theob\AppData\Local\Temp\models\190b01102ae04d99b379d57afdccd5b7\autoencoder.py", line 4, in <module>
2024-07-11T09:27:53,131 [INFO ] W-9000-autoencoder_1.0-stdout MODEL_LOG -     from preprocess_data import create_dataloader
2024-07-11T09:27:53,131 [INFO ] W-9000-autoencoder_1.0-stdout MODEL_LOG - ModuleNotFoundError: No module named 'preprocess_data'
2024-07-11T09:27:53,131 [INFO ] W-9000-autoencoder_1.0-stdout MODEL_LOG - 
2024-07-11T09:27:53,132 [INFO ] W-9000-autoencoder_1.0-stdout MODEL_LOG - During handling of the above exception, another exception occurred:
2024-07-11T09:27:53,132 [INFO ] W-9000-autoencoder_1.0-stdout MODEL_LOG - 
2024-07-11T09:27:53,132 [INFO ] W-9000-autoencoder_1.0-stdout MODEL_LOG - Traceback (most recent call last):
2024-07-11T09:27:53,132 [INFO ] W-9000-autoencoder_1.0-stdout MODEL_LOG -   File "C:\Users\theob\AppData\Local\Programs\Python\Python311\Lib\site-packages\ts\model_service_worker.py", line 263, in <module>
2024-07-11T09:27:53,132 [INFO ] W-9000-autoencoder_1.0-stdout MODEL_LOG -     worker.run_server()
2024-07-11T09:27:53,132 [INFO ] W-9000-autoencoder_1.0-stdout MODEL_LOG -   File "C:\Users\theob\AppData\Local\Programs\Python\Python311\Lib\site-packages\ts\model_service_worker.py", line 231, in run_server
2024-07-11T09:27:53,132 [INFO ] W-9000-autoencoder_1.0-stdout MODEL_LOG -     self.handle_connection(cl_socket)
2024-07-11T09:27:53,132 [INFO ] W-9000-autoencoder_1.0-stdout MODEL_LOG -   File "C:\Users\theob\AppData\Local\Programs\Python\Python311\Lib\site-packages\ts\model_service_worker.py", line 194, in handle_connection
2024-07-11T09:27:53,132 [INFO ] W-9000-autoencoder_1.0-stdout MODEL_LOG -     service, result, code = self.load_model(msg)
2024-07-11T09:27:53,133 [INFO ] W-9000-autoencoder_1.0-stdout MODEL_LOG -                             ^^^^^^^^^^^^^^^^^^^^
2024-07-11T09:27:53,133 [INFO ] W-9000-autoencoder_1.0-stdout MODEL_LOG -   File "C:\Users\theob\AppData\Local\Programs\Python\Python311\Lib\site-packages\ts\model_service_worker.py", line 131, in load_model
2024-07-11T09:27:53,133 [INFO ] W-9000-autoencoder_1.0-stdout MODEL_LOG -     service = model_loader.load(
2024-07-11T09:27:53,133 [INFO ] W-9000-autoencoder_1.0-stdout MODEL_LOG -               ^^^^^^^^^^^^^^^^^^
2024-07-11T09:27:53,133 [INFO ] W-9000-autoencoder_1.0-stdout MODEL_LOG -   File "C:\Users\theob\AppData\Local\Programs\Python\Python311\Lib\site-packages\ts\model_loader.py", line 110, in load
2024-07-11T09:27:53,133 [INFO ] W-9000-autoencoder_1.0-stdout MODEL_LOG -     module = self._load_default_handler(handler)
2024-07-11T09:27:53,133 [INFO ] W-9000-autoencoder_1.0-stdout MODEL_LOG -              ^^^^^^^^^^^^^^^^^^^^^^^^^^^^^^^^^^^
2024-07-11T09:27:53,133 [INFO ] W-9000-autoencoder_1.0-stdout MODEL_LOG -   File "C:\Users\theob\AppData\Local\Programs\Python\Python311\Lib\site-packages\ts\model_loader.py", line 159, in _load_default_handler
2024-07-11T09:27:53,133 [INFO ] W-9000-autoencoder_1.0-stdout MODEL_LOG -     module = importlib.import_module(module_name, "ts.torch_handler")
2024-07-11T09:27:53,133 [INFO ] W-9000-autoencoder_1.0-stdout MODEL_LOG -              ^^^^^^^^^^^^^^^^^^^^^^^^^^^^^^^^^^^^^^^^^^^^^^^^^^^^^^^^
2024-07-11T09:27:53,133 [INFO ] W-9000-autoencoder_1.0-stdout MODEL_LOG -   File "C:\Users\theob\AppData\Local\Programs\Python\Python311\Lib\importlib\__init__.py", line 126, in import_module
2024-07-11T09:27:53,133 [INFO ] W-9000-autoencoder_1.0-stdout MODEL_LOG -     return _bootstrap._gcd_import(name[level:], package, level)
2024-07-11T09:27:53,133 [INFO ] W-9000-autoencoder_1.0-stdout MODEL_LOG -            ^^^^^^^^^^^^^^^^^^^^^^^^^^^^^^^^^^^^^^^^^^^^^^^^^^^^
2024-07-11T09:27:53,133 [INFO ] W-9000-autoencoder_1.0-stdout MODEL_LOG -   File "<frozen importlib._bootstrap>", line 1206, in _gcd_import
2024-07-11T09:27:53,134 [INFO ] W-9000-autoencoder_1.0-stdout MODEL_LOG -   File "<frozen importlib._bootstrap>", line 1178, in _find_and_load
2024-07-11T09:27:53,134 [INFO ] W-9000-autoencoder_1.0-stdout MODEL_LOG -   File "<frozen importlib._bootstrap>", line 1128, in _find_and_load_unlocked
2024-07-11T09:27:53,134 [INFO ] W-9000-autoencoder_1.0-stdout MODEL_LOG -   File "<frozen importlib._bootstrap>", line 241, in _call_with_frames_removed
2024-07-11T09:27:53,134 [INFO ] W-9000-autoencoder_1.0-stdout MODEL_LOG -   File "<frozen importlib._bootstrap>", line 1206, in _gcd_import
2024-07-11T09:27:53,134 [INFO ] W-9000-autoencoder_1.0-stdout MODEL_LOG -   File "<frozen importlib._bootstrap>", line 1178, in _find_and_load
2024-07-11T09:27:53,134 [INFO ] W-9000-autoencoder_1.0-stdout MODEL_LOG -   File "<frozen importlib._bootstrap>", line 1142, in _find_and_load_unlocked
2024-07-11T09:27:53,134 [INFO ] W-9000-autoencoder_1.0-stdout MODEL_LOG - ModuleNotFoundError: No module named 'ts.torch_handler.custom_handler'
2024-07-11T09:28:15,349 [INFO ] W-9000-autoencoder_1.0-stdout MODEL_LOG - Listening on addr:port: 127.0.0.1:9000
2024-07-11T09:28:15,354 [INFO ] W-9000-autoencoder_1.0-stdout MODEL_LOG - Successfully loaded C:\Users\theob\AppData\Local\Programs\Python\Python311\Lib\site-packages/ts/configs/metrics.yaml.
2024-07-11T09:28:15,354 [INFO ] W-9000-autoencoder_1.0-stdout MODEL_LOG - [PID]24868
2024-07-11T09:28:15,354 [INFO ] W-9000-autoencoder_1.0-stdout MODEL_LOG - Torch worker started.
2024-07-11T09:28:15,355 [INFO ] W-9000-autoencoder_1.0-stdout MODEL_LOG - Python runtime: 3.11.1
2024-07-11T09:28:15,357 [INFO ] W-9000-autoencoder_1.0-stdout MODEL_LOG - Connection accepted: ('127.0.0.1', 9000).
2024-07-11T09:28:15,369 [INFO ] W-9000-autoencoder_1.0-stdout MODEL_LOG - model_name: autoencoder, batchSize: 1
2024-07-11T09:28:15,515 [INFO ] W-9000-autoencoder_1.0-stdout MODEL_LOG - Enabled tensor cores
2024-07-11T09:28:15,515 [INFO ] W-9000-autoencoder_1.0-stdout MODEL_LOG - OpenVINO is not enabled
2024-07-11T09:28:15,516 [INFO ] W-9000-autoencoder_1.0-stdout MODEL_LOG - proceeding without onnxruntime
2024-07-11T09:28:15,516 [INFO ] W-9000-autoencoder_1.0-stdout MODEL_LOG - Torch TensorRT not enabled
2024-07-11T09:28:15,518 [INFO ] W-9000-autoencoder_1.0-stdout MODEL_LOG - Backend worker process died.
2024-07-11T09:28:15,518 [INFO ] W-9000-autoencoder_1.0-stdout MODEL_LOG - Traceback (most recent call last):
2024-07-11T09:28:15,518 [INFO ] W-9000-autoencoder_1.0-stdout MODEL_LOG -   File "C:\Users\theob\AppData\Local\Programs\Python\Python311\Lib\site-packages\ts\model_loader.py", line 108, in load
2024-07-11T09:28:15,519 [INFO ] W-9000-autoencoder_1.0-stdout MODEL_LOG -     module, function_name = self._load_handler_file(handler)
2024-07-11T09:28:15,519 [INFO ] W-9000-autoencoder_1.0-stdout MODEL_LOG -                             ^^^^^^^^^^^^^^^^^^^^^^^^^^^^^^^^
2024-07-11T09:28:15,519 [INFO ] W-9000-autoencoder_1.0-stdout MODEL_LOG -   File "C:\Users\theob\AppData\Local\Programs\Python\Python311\Lib\site-packages\ts\model_loader.py", line 153, in _load_handler_file
2024-07-11T09:28:15,519 [INFO ] W-9000-autoencoder_1.0-stdout MODEL_LOG -     module = importlib.import_module(module_name)
2024-07-11T09:28:15,519 [INFO ] W-9000-autoencoder_1.0-stdout MODEL_LOG -              ^^^^^^^^^^^^^^^^^^^^^^^^^^^^^^^^^^^^
2024-07-11T09:28:15,519 [INFO ] W-9000-autoencoder_1.0-stdout MODEL_LOG -   File "C:\Users\theob\AppData\Local\Programs\Python\Python311\Lib\importlib\__init__.py", line 126, in import_module
2024-07-11T09:28:15,519 [INFO ] W-9000-autoencoder_1.0-stdout MODEL_LOG -     return _bootstrap._gcd_import(name[level:], package, level)
2024-07-11T09:28:15,520 [INFO ] W-9000-autoencoder_1.0-stdout MODEL_LOG -            ^^^^^^^^^^^^^^^^^^^^^^^^^^^^^^^^^^^^^^^^^^^^^^^^^^^^
2024-07-11T09:28:15,520 [INFO ] W-9000-autoencoder_1.0-stdout MODEL_LOG -   File "<frozen importlib._bootstrap>", line 1206, in _gcd_import
2024-07-11T09:28:15,520 [INFO ] W-9000-autoencoder_1.0-stdout MODEL_LOG -   File "<frozen importlib._bootstrap>", line 1178, in _find_and_load
2024-07-11T09:28:15,520 [INFO ] W-9000-autoencoder_1.0-stdout MODEL_LOG -   File "<frozen importlib._bootstrap>", line 1149, in _find_and_load_unlocked
2024-07-11T09:28:15,520 [INFO ] W-9000-autoencoder_1.0-stdout MODEL_LOG -   File "<frozen importlib._bootstrap>", line 690, in _load_unlocked
2024-07-11T09:28:15,520 [INFO ] W-9000-autoencoder_1.0-stdout MODEL_LOG -   File "<frozen importlib._bootstrap_external>", line 940, in exec_module
2024-07-11T09:28:15,520 [INFO ] W-9000-autoencoder_1.0-stdout MODEL_LOG -   File "<frozen importlib._bootstrap>", line 241, in _call_with_frames_removed
2024-07-11T09:28:15,520 [INFO ] W-9000-autoencoder_1.0-stdout MODEL_LOG -   File "C:\Users\theob\AppData\Local\Temp\models\190b01102ae04d99b379d57afdccd5b7\custom_handler.py", line 5, in <module>
2024-07-11T09:28:15,521 [INFO ] W-9000-autoencoder_1.0-stdout MODEL_LOG -     from autoencoder import Autoencoder
2024-07-11T09:28:15,522 [INFO ] W-9000-autoencoder_1.0-stdout MODEL_LOG -   File "C:\Users\theob\AppData\Local\Temp\models\190b01102ae04d99b379d57afdccd5b7\autoencoder.py", line 4, in <module>
2024-07-11T09:28:15,522 [INFO ] W-9000-autoencoder_1.0-stdout MODEL_LOG -     from preprocess_data import create_dataloader
2024-07-11T09:28:15,523 [INFO ] W-9000-autoencoder_1.0-stdout MODEL_LOG - ModuleNotFoundError: No module named 'preprocess_data'
2024-07-11T09:28:15,523 [INFO ] W-9000-autoencoder_1.0-stdout MODEL_LOG - 
2024-07-11T09:28:15,523 [INFO ] W-9000-autoencoder_1.0-stdout MODEL_LOG - During handling of the above exception, another exception occurred:
2024-07-11T09:28:15,523 [INFO ] W-9000-autoencoder_1.0-stdout MODEL_LOG - 
2024-07-11T09:28:15,523 [INFO ] W-9000-autoencoder_1.0-stdout MODEL_LOG - Traceback (most recent call last):
2024-07-11T09:28:15,523 [INFO ] W-9000-autoencoder_1.0-stdout MODEL_LOG -   File "C:\Users\theob\AppData\Local\Programs\Python\Python311\Lib\site-packages\ts\model_service_worker.py", line 263, in <module>
2024-07-11T09:28:15,523 [INFO ] W-9000-autoencoder_1.0-stdout MODEL_LOG -     worker.run_server()
2024-07-11T09:28:15,523 [INFO ] W-9000-autoencoder_1.0-stdout MODEL_LOG -   File "C:\Users\theob\AppData\Local\Programs\Python\Python311\Lib\site-packages\ts\model_service_worker.py", line 231, in run_server
2024-07-11T09:28:15,525 [INFO ] W-9000-autoencoder_1.0-stdout MODEL_LOG -     self.handle_connection(cl_socket)
2024-07-11T09:28:15,525 [INFO ] W-9000-autoencoder_1.0-stdout MODEL_LOG -   File "C:\Users\theob\AppData\Local\Programs\Python\Python311\Lib\site-packages\ts\model_service_worker.py", line 194, in handle_connection
2024-07-11T09:28:15,525 [INFO ] W-9000-autoencoder_1.0-stdout MODEL_LOG -     service, result, code = self.load_model(msg)
2024-07-11T09:28:15,525 [INFO ] W-9000-autoencoder_1.0-stdout MODEL_LOG -                             ^^^^^^^^^^^^^^^^^^^^
2024-07-11T09:28:15,525 [INFO ] W-9000-autoencoder_1.0-stdout MODEL_LOG -   File "C:\Users\theob\AppData\Local\Programs\Python\Python311\Lib\site-packages\ts\model_service_worker.py", line 131, in load_model
2024-07-11T09:28:15,525 [INFO ] W-9000-autoencoder_1.0-stdout MODEL_LOG -     service = model_loader.load(
2024-07-11T09:28:15,525 [INFO ] W-9000-autoencoder_1.0-stdout MODEL_LOG -               ^^^^^^^^^^^^^^^^^^
2024-07-11T09:28:15,525 [INFO ] W-9000-autoencoder_1.0-stdout MODEL_LOG -   File "C:\Users\theob\AppData\Local\Programs\Python\Python311\Lib\site-packages\ts\model_loader.py", line 110, in load
2024-07-11T09:28:15,525 [INFO ] W-9000-autoencoder_1.0-stdout MODEL_LOG -     module = self._load_default_handler(handler)
2024-07-11T09:28:15,526 [INFO ] W-9000-autoencoder_1.0-stdout MODEL_LOG -              ^^^^^^^^^^^^^^^^^^^^^^^^^^^^^^^^^^^
2024-07-11T09:28:15,526 [INFO ] W-9000-autoencoder_1.0-stdout MODEL_LOG -   File "C:\Users\theob\AppData\Local\Programs\Python\Python311\Lib\site-packages\ts\model_loader.py", line 159, in _load_default_handler
2024-07-11T09:28:15,526 [INFO ] W-9000-autoencoder_1.0-stdout MODEL_LOG -     module = importlib.import_module(module_name, "ts.torch_handler")
2024-07-11T09:28:15,526 [INFO ] W-9000-autoencoder_1.0-stdout MODEL_LOG -              ^^^^^^^^^^^^^^^^^^^^^^^^^^^^^^^^^^^^^^^^^^^^^^^^^^^^^^^^
2024-07-11T09:28:15,526 [INFO ] W-9000-autoencoder_1.0-stdout MODEL_LOG -   File "C:\Users\theob\AppData\Local\Programs\Python\Python311\Lib\importlib\__init__.py", line 126, in import_module
2024-07-11T09:28:15,526 [INFO ] W-9000-autoencoder_1.0-stdout MODEL_LOG -     return _bootstrap._gcd_import(name[level:], package, level)
2024-07-11T09:28:15,527 [INFO ] W-9000-autoencoder_1.0-stdout MODEL_LOG -            ^^^^^^^^^^^^^^^^^^^^^^^^^^^^^^^^^^^^^^^^^^^^^^^^^^^^
2024-07-11T09:28:15,527 [INFO ] W-9000-autoencoder_1.0-stdout MODEL_LOG -   File "<frozen importlib._bootstrap>", line 1206, in _gcd_import
2024-07-11T09:28:15,527 [INFO ] W-9000-autoencoder_1.0-stdout MODEL_LOG -   File "<frozen importlib._bootstrap>", line 1178, in _find_and_load
2024-07-11T09:28:15,527 [INFO ] W-9000-autoencoder_1.0-stdout MODEL_LOG -   File "<frozen importlib._bootstrap>", line 1128, in _find_and_load_unlocked
2024-07-11T09:28:15,527 [INFO ] W-9000-autoencoder_1.0-stdout MODEL_LOG -   File "<frozen importlib._bootstrap>", line 241, in _call_with_frames_removed
2024-07-11T09:28:15,528 [INFO ] W-9000-autoencoder_1.0-stdout MODEL_LOG -   File "<frozen importlib._bootstrap>", line 1206, in _gcd_import
2024-07-11T09:28:15,528 [INFO ] W-9000-autoencoder_1.0-stdout MODEL_LOG -   File "<frozen importlib._bootstrap>", line 1178, in _find_and_load
2024-07-11T09:28:15,528 [INFO ] W-9000-autoencoder_1.0-stdout MODEL_LOG -   File "<frozen importlib._bootstrap>", line 1142, in _find_and_load_unlocked
2024-07-11T09:28:15,528 [INFO ] W-9000-autoencoder_1.0-stdout MODEL_LOG - ModuleNotFoundError: No module named 'ts.torch_handler.custom_handler'
2024-07-11T09:28:50,724 [INFO ] W-9000-autoencoder_1.0-stdout MODEL_LOG - Listening on addr:port: 127.0.0.1:9000
2024-07-11T09:28:50,729 [INFO ] W-9000-autoencoder_1.0-stdout MODEL_LOG - Successfully loaded C:\Users\theob\AppData\Local\Programs\Python\Python311\Lib\site-packages/ts/configs/metrics.yaml.
2024-07-11T09:28:50,729 [INFO ] W-9000-autoencoder_1.0-stdout MODEL_LOG - [PID]21076
2024-07-11T09:28:50,729 [INFO ] W-9000-autoencoder_1.0-stdout MODEL_LOG - Torch worker started.
2024-07-11T09:28:50,729 [INFO ] W-9000-autoencoder_1.0-stdout MODEL_LOG - Python runtime: 3.11.1
2024-07-11T09:28:50,731 [INFO ] W-9000-autoencoder_1.0-stdout MODEL_LOG - Connection accepted: ('127.0.0.1', 9000).
2024-07-11T09:28:50,742 [INFO ] W-9000-autoencoder_1.0-stdout MODEL_LOG - model_name: autoencoder, batchSize: 1
2024-07-11T09:28:50,897 [INFO ] W-9000-autoencoder_1.0-stdout MODEL_LOG - Enabled tensor cores
2024-07-11T09:28:50,898 [INFO ] W-9000-autoencoder_1.0-stdout MODEL_LOG - OpenVINO is not enabled
2024-07-11T09:28:50,898 [INFO ] W-9000-autoencoder_1.0-stdout MODEL_LOG - proceeding without onnxruntime
2024-07-11T09:28:50,899 [INFO ] W-9000-autoencoder_1.0-stdout MODEL_LOG - Torch TensorRT not enabled
2024-07-11T09:28:50,901 [INFO ] W-9000-autoencoder_1.0-stdout MODEL_LOG - Backend worker process died.
2024-07-11T09:28:50,901 [INFO ] W-9000-autoencoder_1.0-stdout MODEL_LOG - Traceback (most recent call last):
2024-07-11T09:28:50,901 [INFO ] W-9000-autoencoder_1.0-stdout MODEL_LOG -   File "C:\Users\theob\AppData\Local\Programs\Python\Python311\Lib\site-packages\ts\model_loader.py", line 108, in load
2024-07-11T09:28:50,901 [INFO ] W-9000-autoencoder_1.0-stdout MODEL_LOG -     module, function_name = self._load_handler_file(handler)
2024-07-11T09:28:50,901 [INFO ] W-9000-autoencoder_1.0-stdout MODEL_LOG -                             ^^^^^^^^^^^^^^^^^^^^^^^^^^^^^^^^
2024-07-11T09:28:50,903 [INFO ] W-9000-autoencoder_1.0-stdout MODEL_LOG -   File "C:\Users\theob\AppData\Local\Programs\Python\Python311\Lib\site-packages\ts\model_loader.py", line 153, in _load_handler_file
2024-07-11T09:28:50,903 [INFO ] W-9000-autoencoder_1.0-stdout MODEL_LOG -     module = importlib.import_module(module_name)
2024-07-11T09:28:50,904 [INFO ] W-9000-autoencoder_1.0-stdout MODEL_LOG -              ^^^^^^^^^^^^^^^^^^^^^^^^^^^^^^^^^^^^
2024-07-11T09:28:50,904 [INFO ] W-9000-autoencoder_1.0-stdout MODEL_LOG -   File "C:\Users\theob\AppData\Local\Programs\Python\Python311\Lib\importlib\__init__.py", line 126, in import_module
2024-07-11T09:28:50,904 [INFO ] W-9000-autoencoder_1.0-stdout MODEL_LOG -     return _bootstrap._gcd_import(name[level:], package, level)
2024-07-11T09:28:50,904 [INFO ] W-9000-autoencoder_1.0-stdout MODEL_LOG -            ^^^^^^^^^^^^^^^^^^^^^^^^^^^^^^^^^^^^^^^^^^^^^^^^^^^^
2024-07-11T09:28:50,904 [INFO ] W-9000-autoencoder_1.0-stdout MODEL_LOG -   File "<frozen importlib._bootstrap>", line 1206, in _gcd_import
2024-07-11T09:28:50,904 [INFO ] W-9000-autoencoder_1.0-stdout MODEL_LOG -   File "<frozen importlib._bootstrap>", line 1178, in _find_and_load
2024-07-11T09:28:50,906 [INFO ] W-9000-autoencoder_1.0-stdout MODEL_LOG -   File "<frozen importlib._bootstrap>", line 1149, in _find_and_load_unlocked
2024-07-11T09:28:50,906 [INFO ] W-9000-autoencoder_1.0-stdout MODEL_LOG -   File "<frozen importlib._bootstrap>", line 690, in _load_unlocked
2024-07-11T09:28:50,906 [INFO ] W-9000-autoencoder_1.0-stdout MODEL_LOG -   File "<frozen importlib._bootstrap_external>", line 940, in exec_module
2024-07-11T09:28:50,906 [INFO ] W-9000-autoencoder_1.0-stdout MODEL_LOG -   File "<frozen importlib._bootstrap>", line 241, in _call_with_frames_removed
2024-07-11T09:28:50,906 [INFO ] W-9000-autoencoder_1.0-stdout MODEL_LOG -   File "C:\Users\theob\AppData\Local\Temp\models\190b01102ae04d99b379d57afdccd5b7\custom_handler.py", line 5, in <module>
2024-07-11T09:28:50,906 [INFO ] W-9000-autoencoder_1.0-stdout MODEL_LOG -     from autoencoder import Autoencoder
2024-07-11T09:28:50,906 [INFO ] W-9000-autoencoder_1.0-stdout MODEL_LOG -   File "C:\Users\theob\AppData\Local\Temp\models\190b01102ae04d99b379d57afdccd5b7\autoencoder.py", line 4, in <module>
2024-07-11T09:28:50,906 [INFO ] W-9000-autoencoder_1.0-stdout MODEL_LOG -     from preprocess_data import create_dataloader
2024-07-11T09:28:50,906 [INFO ] W-9000-autoencoder_1.0-stdout MODEL_LOG - ModuleNotFoundError: No module named 'preprocess_data'
2024-07-11T09:28:50,906 [INFO ] W-9000-autoencoder_1.0-stdout MODEL_LOG - 
2024-07-11T09:28:50,906 [INFO ] W-9000-autoencoder_1.0-stdout MODEL_LOG - During handling of the above exception, another exception occurred:
2024-07-11T09:28:50,906 [INFO ] W-9000-autoencoder_1.0-stdout MODEL_LOG - 
2024-07-11T09:28:50,906 [INFO ] W-9000-autoencoder_1.0-stdout MODEL_LOG - Traceback (most recent call last):
2024-07-11T09:28:50,907 [INFO ] W-9000-autoencoder_1.0-stdout MODEL_LOG -   File "C:\Users\theob\AppData\Local\Programs\Python\Python311\Lib\site-packages\ts\model_service_worker.py", line 263, in <module>
2024-07-11T09:28:50,907 [INFO ] W-9000-autoencoder_1.0-stdout MODEL_LOG -     worker.run_server()
2024-07-11T09:28:50,907 [INFO ] W-9000-autoencoder_1.0-stdout MODEL_LOG -   File "C:\Users\theob\AppData\Local\Programs\Python\Python311\Lib\site-packages\ts\model_service_worker.py", line 231, in run_server
2024-07-11T09:28:50,907 [INFO ] W-9000-autoencoder_1.0-stdout MODEL_LOG -     self.handle_connection(cl_socket)
2024-07-11T09:28:50,907 [INFO ] W-9000-autoencoder_1.0-stdout MODEL_LOG -   File "C:\Users\theob\AppData\Local\Programs\Python\Python311\Lib\site-packages\ts\model_service_worker.py", line 194, in handle_connection
2024-07-11T09:28:50,907 [INFO ] W-9000-autoencoder_1.0-stdout MODEL_LOG -     service, result, code = self.load_model(msg)
2024-07-11T09:28:50,907 [INFO ] W-9000-autoencoder_1.0-stdout MODEL_LOG -                             ^^^^^^^^^^^^^^^^^^^^
2024-07-11T09:28:50,907 [INFO ] W-9000-autoencoder_1.0-stdout MODEL_LOG -   File "C:\Users\theob\AppData\Local\Programs\Python\Python311\Lib\site-packages\ts\model_service_worker.py", line 131, in load_model
2024-07-11T09:28:50,907 [INFO ] W-9000-autoencoder_1.0-stdout MODEL_LOG -     service = model_loader.load(
2024-07-11T09:28:50,907 [INFO ] W-9000-autoencoder_1.0-stdout MODEL_LOG -               ^^^^^^^^^^^^^^^^^^
2024-07-11T09:28:50,907 [INFO ] W-9000-autoencoder_1.0-stdout MODEL_LOG -   File "C:\Users\theob\AppData\Local\Programs\Python\Python311\Lib\site-packages\ts\model_loader.py", line 110, in load
2024-07-11T09:28:50,909 [INFO ] W-9000-autoencoder_1.0-stdout MODEL_LOG -     module = self._load_default_handler(handler)
2024-07-11T09:28:50,909 [INFO ] W-9000-autoencoder_1.0-stdout MODEL_LOG -              ^^^^^^^^^^^^^^^^^^^^^^^^^^^^^^^^^^^
2024-07-11T09:28:50,909 [INFO ] W-9000-autoencoder_1.0-stdout MODEL_LOG -   File "C:\Users\theob\AppData\Local\Programs\Python\Python311\Lib\site-packages\ts\model_loader.py", line 159, in _load_default_handler
2024-07-11T09:28:50,909 [INFO ] W-9000-autoencoder_1.0-stdout MODEL_LOG -     module = importlib.import_module(module_name, "ts.torch_handler")
2024-07-11T09:28:50,909 [INFO ] W-9000-autoencoder_1.0-stdout MODEL_LOG -              ^^^^^^^^^^^^^^^^^^^^^^^^^^^^^^^^^^^^^^^^^^^^^^^^^^^^^^^^
2024-07-11T09:28:50,909 [INFO ] W-9000-autoencoder_1.0-stdout MODEL_LOG -   File "C:\Users\theob\AppData\Local\Programs\Python\Python311\Lib\importlib\__init__.py", line 126, in import_module
2024-07-11T09:28:50,909 [INFO ] W-9000-autoencoder_1.0-stdout MODEL_LOG -     return _bootstrap._gcd_import(name[level:], package, level)
2024-07-11T09:28:50,910 [INFO ] W-9000-autoencoder_1.0-stdout MODEL_LOG -            ^^^^^^^^^^^^^^^^^^^^^^^^^^^^^^^^^^^^^^^^^^^^^^^^^^^^
2024-07-11T09:28:50,910 [INFO ] W-9000-autoencoder_1.0-stdout MODEL_LOG -   File "<frozen importlib._bootstrap>", line 1206, in _gcd_import
2024-07-11T09:28:50,910 [INFO ] W-9000-autoencoder_1.0-stdout MODEL_LOG -   File "<frozen importlib._bootstrap>", line 1178, in _find_and_load
2024-07-11T09:28:50,910 [INFO ] W-9000-autoencoder_1.0-stdout MODEL_LOG -   File "<frozen importlib._bootstrap>", line 1128, in _find_and_load_unlocked
2024-07-11T09:28:50,911 [INFO ] W-9000-autoencoder_1.0-stdout MODEL_LOG -   File "<frozen importlib._bootstrap>", line 241, in _call_with_frames_removed
2024-07-11T09:28:50,911 [INFO ] W-9000-autoencoder_1.0-stdout MODEL_LOG -   File "<frozen importlib._bootstrap>", line 1206, in _gcd_import
2024-07-11T09:28:50,911 [INFO ] W-9000-autoencoder_1.0-stdout MODEL_LOG -   File "<frozen importlib._bootstrap>", line 1178, in _find_and_load
2024-07-11T09:28:50,911 [INFO ] W-9000-autoencoder_1.0-stdout MODEL_LOG -   File "<frozen importlib._bootstrap>", line 1142, in _find_and_load_unlocked
2024-07-11T09:28:50,911 [INFO ] W-9000-autoencoder_1.0-stdout MODEL_LOG - ModuleNotFoundError: No module named 'ts.torch_handler.custom_handler'
2024-07-11T09:29:47,129 [INFO ] W-9000-autoencoder_1.0-stdout MODEL_LOG - Listening on addr:port: 127.0.0.1:9000
2024-07-11T09:29:47,132 [INFO ] W-9000-autoencoder_1.0-stdout MODEL_LOG - Successfully loaded C:\Users\theob\AppData\Local\Programs\Python\Python311\Lib\site-packages/ts/configs/metrics.yaml.
2024-07-11T09:29:47,133 [INFO ] W-9000-autoencoder_1.0-stdout MODEL_LOG - [PID]26112
2024-07-11T09:29:47,134 [INFO ] W-9000-autoencoder_1.0-stdout MODEL_LOG - Torch worker started.
2024-07-11T09:29:47,134 [INFO ] W-9000-autoencoder_1.0-stdout MODEL_LOG - Python runtime: 3.11.1
2024-07-11T09:29:47,137 [INFO ] W-9000-autoencoder_1.0-stdout MODEL_LOG - Connection accepted: ('127.0.0.1', 9000).
2024-07-11T09:29:47,146 [INFO ] W-9000-autoencoder_1.0-stdout MODEL_LOG - model_name: autoencoder, batchSize: 1
2024-07-11T09:29:47,302 [INFO ] W-9000-autoencoder_1.0-stdout MODEL_LOG - Enabled tensor cores
2024-07-11T09:29:47,302 [INFO ] W-9000-autoencoder_1.0-stdout MODEL_LOG - OpenVINO is not enabled
2024-07-11T09:29:47,303 [INFO ] W-9000-autoencoder_1.0-stdout MODEL_LOG - proceeding without onnxruntime
2024-07-11T09:29:47,303 [INFO ] W-9000-autoencoder_1.0-stdout MODEL_LOG - Torch TensorRT not enabled
2024-07-11T09:29:47,305 [INFO ] W-9000-autoencoder_1.0-stdout MODEL_LOG - Backend worker process died.
2024-07-11T09:29:47,305 [INFO ] W-9000-autoencoder_1.0-stdout MODEL_LOG - Traceback (most recent call last):
2024-07-11T09:29:47,305 [INFO ] W-9000-autoencoder_1.0-stdout MODEL_LOG -   File "C:\Users\theob\AppData\Local\Programs\Python\Python311\Lib\site-packages\ts\model_loader.py", line 108, in load
2024-07-11T09:29:47,307 [INFO ] W-9000-autoencoder_1.0-stdout MODEL_LOG -     module, function_name = self._load_handler_file(handler)
2024-07-11T09:29:47,307 [INFO ] W-9000-autoencoder_1.0-stdout MODEL_LOG -                             ^^^^^^^^^^^^^^^^^^^^^^^^^^^^^^^^
2024-07-11T09:29:47,308 [INFO ] W-9000-autoencoder_1.0-stdout MODEL_LOG -   File "C:\Users\theob\AppData\Local\Programs\Python\Python311\Lib\site-packages\ts\model_loader.py", line 153, in _load_handler_file
2024-07-11T09:29:47,308 [INFO ] W-9000-autoencoder_1.0-stdout MODEL_LOG -     module = importlib.import_module(module_name)
2024-07-11T09:29:47,309 [INFO ] W-9000-autoencoder_1.0-stdout MODEL_LOG -              ^^^^^^^^^^^^^^^^^^^^^^^^^^^^^^^^^^^^
2024-07-11T09:29:47,309 [INFO ] W-9000-autoencoder_1.0-stdout MODEL_LOG -   File "C:\Users\theob\AppData\Local\Programs\Python\Python311\Lib\importlib\__init__.py", line 126, in import_module
2024-07-11T09:29:47,310 [INFO ] W-9000-autoencoder_1.0-stdout MODEL_LOG -     return _bootstrap._gcd_import(name[level:], package, level)
2024-07-11T09:29:47,311 [INFO ] W-9000-autoencoder_1.0-stdout MODEL_LOG -            ^^^^^^^^^^^^^^^^^^^^^^^^^^^^^^^^^^^^^^^^^^^^^^^^^^^^
2024-07-11T09:29:47,311 [INFO ] W-9000-autoencoder_1.0-stdout MODEL_LOG -   File "<frozen importlib._bootstrap>", line 1206, in _gcd_import
2024-07-11T09:29:47,314 [INFO ] W-9000-autoencoder_1.0-stdout MODEL_LOG -   File "<frozen importlib._bootstrap>", line 1178, in _find_and_load
2024-07-11T09:29:47,314 [INFO ] W-9000-autoencoder_1.0-stdout MODEL_LOG -   File "<frozen importlib._bootstrap>", line 1149, in _find_and_load_unlocked
2024-07-11T09:29:47,315 [INFO ] W-9000-autoencoder_1.0-stdout MODEL_LOG -   File "<frozen importlib._bootstrap>", line 690, in _load_unlocked
2024-07-11T09:29:47,315 [INFO ] W-9000-autoencoder_1.0-stdout MODEL_LOG -   File "<frozen importlib._bootstrap_external>", line 940, in exec_module
2024-07-11T09:29:47,315 [INFO ] W-9000-autoencoder_1.0-stdout MODEL_LOG -   File "<frozen importlib._bootstrap>", line 241, in _call_with_frames_removed
2024-07-11T09:29:47,316 [INFO ] W-9000-autoencoder_1.0-stdout MODEL_LOG -   File "C:\Users\theob\AppData\Local\Temp\models\190b01102ae04d99b379d57afdccd5b7\custom_handler.py", line 5, in <module>
2024-07-11T09:29:47,316 [INFO ] W-9000-autoencoder_1.0-stdout MODEL_LOG -     from autoencoder import Autoencoder
2024-07-11T09:29:47,316 [INFO ] W-9000-autoencoder_1.0-stdout MODEL_LOG -   File "C:\Users\theob\AppData\Local\Temp\models\190b01102ae04d99b379d57afdccd5b7\autoencoder.py", line 4, in <module>
2024-07-11T09:29:47,317 [INFO ] W-9000-autoencoder_1.0-stdout MODEL_LOG -     from preprocess_data import create_dataloader
2024-07-11T09:29:47,317 [INFO ] W-9000-autoencoder_1.0-stdout MODEL_LOG - ModuleNotFoundError: No module named 'preprocess_data'
2024-07-11T09:29:47,317 [INFO ] W-9000-autoencoder_1.0-stdout MODEL_LOG - 
2024-07-11T09:29:47,317 [INFO ] W-9000-autoencoder_1.0-stdout MODEL_LOG - During handling of the above exception, another exception occurred:
2024-07-11T09:29:47,317 [INFO ] W-9000-autoencoder_1.0-stdout MODEL_LOG - 
2024-07-11T09:29:47,318 [INFO ] W-9000-autoencoder_1.0-stdout MODEL_LOG - Traceback (most recent call last):
2024-07-11T09:29:47,318 [INFO ] W-9000-autoencoder_1.0-stdout MODEL_LOG -   File "C:\Users\theob\AppData\Local\Programs\Python\Python311\Lib\site-packages\ts\model_service_worker.py", line 263, in <module>
2024-07-11T09:29:47,318 [INFO ] W-9000-autoencoder_1.0-stdout MODEL_LOG -     worker.run_server()
2024-07-11T09:29:47,319 [INFO ] W-9000-autoencoder_1.0-stdout MODEL_LOG -   File "C:\Users\theob\AppData\Local\Programs\Python\Python311\Lib\site-packages\ts\model_service_worker.py", line 231, in run_server
2024-07-11T09:29:47,319 [INFO ] W-9000-autoencoder_1.0-stdout MODEL_LOG -     self.handle_connection(cl_socket)
2024-07-11T09:29:47,319 [INFO ] W-9000-autoencoder_1.0-stdout MODEL_LOG -   File "C:\Users\theob\AppData\Local\Programs\Python\Python311\Lib\site-packages\ts\model_service_worker.py", line 194, in handle_connection
2024-07-11T09:29:47,319 [INFO ] W-9000-autoencoder_1.0-stdout MODEL_LOG -     service, result, code = self.load_model(msg)
2024-07-11T09:29:47,319 [INFO ] W-9000-autoencoder_1.0-stdout MODEL_LOG -                             ^^^^^^^^^^^^^^^^^^^^
2024-07-11T09:29:47,320 [INFO ] W-9000-autoencoder_1.0-stdout MODEL_LOG -   File "C:\Users\theob\AppData\Local\Programs\Python\Python311\Lib\site-packages\ts\model_service_worker.py", line 131, in load_model
2024-07-11T09:29:47,320 [INFO ] W-9000-autoencoder_1.0-stdout MODEL_LOG -     service = model_loader.load(
2024-07-11T09:29:47,321 [INFO ] W-9000-autoencoder_1.0-stdout MODEL_LOG -               ^^^^^^^^^^^^^^^^^^
2024-07-11T09:29:47,321 [INFO ] W-9000-autoencoder_1.0-stdout MODEL_LOG -   File "C:\Users\theob\AppData\Local\Programs\Python\Python311\Lib\site-packages\ts\model_loader.py", line 110, in load
2024-07-11T09:29:47,321 [INFO ] W-9000-autoencoder_1.0-stdout MODEL_LOG -     module = self._load_default_handler(handler)
2024-07-11T09:29:47,321 [INFO ] W-9000-autoencoder_1.0-stdout MODEL_LOG -              ^^^^^^^^^^^^^^^^^^^^^^^^^^^^^^^^^^^
2024-07-11T09:29:47,322 [INFO ] W-9000-autoencoder_1.0-stdout MODEL_LOG -   File "C:\Users\theob\AppData\Local\Programs\Python\Python311\Lib\site-packages\ts\model_loader.py", line 159, in _load_default_handler
2024-07-11T09:29:47,322 [INFO ] W-9000-autoencoder_1.0-stdout MODEL_LOG -     module = importlib.import_module(module_name, "ts.torch_handler")
2024-07-11T09:29:47,322 [INFO ] W-9000-autoencoder_1.0-stdout MODEL_LOG -              ^^^^^^^^^^^^^^^^^^^^^^^^^^^^^^^^^^^^^^^^^^^^^^^^^^^^^^^^
2024-07-11T09:29:47,322 [INFO ] W-9000-autoencoder_1.0-stdout MODEL_LOG -   File "C:\Users\theob\AppData\Local\Programs\Python\Python311\Lib\importlib\__init__.py", line 126, in import_module
2024-07-11T09:29:47,322 [INFO ] W-9000-autoencoder_1.0-stdout MODEL_LOG -     return _bootstrap._gcd_import(name[level:], package, level)
2024-07-11T09:29:47,322 [INFO ] W-9000-autoencoder_1.0-stdout MODEL_LOG -            ^^^^^^^^^^^^^^^^^^^^^^^^^^^^^^^^^^^^^^^^^^^^^^^^^^^^
2024-07-11T09:29:47,322 [INFO ] W-9000-autoencoder_1.0-stdout MODEL_LOG -   File "<frozen importlib._bootstrap>", line 1206, in _gcd_import
2024-07-11T09:29:47,323 [INFO ] W-9000-autoencoder_1.0-stdout MODEL_LOG -   File "<frozen importlib._bootstrap>", line 1178, in _find_and_load
2024-07-11T09:29:47,323 [INFO ] W-9000-autoencoder_1.0-stdout MODEL_LOG -   File "<frozen importlib._bootstrap>", line 1128, in _find_and_load_unlocked
2024-07-11T09:29:47,323 [INFO ] W-9000-autoencoder_1.0-stdout MODEL_LOG -   File "<frozen importlib._bootstrap>", line 241, in _call_with_frames_removed
2024-07-11T09:29:47,323 [INFO ] W-9000-autoencoder_1.0-stdout MODEL_LOG -   File "<frozen importlib._bootstrap>", line 1206, in _gcd_import
2024-07-11T09:29:47,323 [INFO ] W-9000-autoencoder_1.0-stdout MODEL_LOG -   File "<frozen importlib._bootstrap>", line 1178, in _find_and_load
2024-07-11T09:29:47,323 [INFO ] W-9000-autoencoder_1.0-stdout MODEL_LOG -   File "<frozen importlib._bootstrap>", line 1142, in _find_and_load_unlocked
2024-07-11T09:29:47,323 [INFO ] W-9000-autoencoder_1.0-stdout MODEL_LOG - ModuleNotFoundError: No module named 'ts.torch_handler.custom_handler'
2024-07-11T09:31:17,582 [INFO ] W-9000-autoencoder_1.0-stdout MODEL_LOG - Listening on addr:port: 127.0.0.1:9000
2024-07-11T09:31:17,586 [INFO ] W-9000-autoencoder_1.0-stdout MODEL_LOG - Successfully loaded C:\Users\theob\AppData\Local\Programs\Python\Python311\Lib\site-packages/ts/configs/metrics.yaml.
2024-07-11T09:31:17,587 [INFO ] W-9000-autoencoder_1.0-stdout MODEL_LOG - [PID]16488
2024-07-11T09:31:17,587 [INFO ] W-9000-autoencoder_1.0-stdout MODEL_LOG - Torch worker started.
2024-07-11T09:31:17,588 [INFO ] W-9000-autoencoder_1.0-stdout MODEL_LOG - Python runtime: 3.11.1
2024-07-11T09:31:17,591 [INFO ] W-9000-autoencoder_1.0-stdout MODEL_LOG - Connection accepted: ('127.0.0.1', 9000).
2024-07-11T09:31:17,605 [INFO ] W-9000-autoencoder_1.0-stdout MODEL_LOG - model_name: autoencoder, batchSize: 1
2024-07-11T09:31:17,776 [INFO ] W-9000-autoencoder_1.0-stdout MODEL_LOG - Enabled tensor cores
2024-07-11T09:31:17,777 [INFO ] W-9000-autoencoder_1.0-stdout MODEL_LOG - OpenVINO is not enabled
2024-07-11T09:31:17,777 [INFO ] W-9000-autoencoder_1.0-stdout MODEL_LOG - proceeding without onnxruntime
2024-07-11T09:31:17,777 [INFO ] W-9000-autoencoder_1.0-stdout MODEL_LOG - Torch TensorRT not enabled
2024-07-11T09:31:17,779 [INFO ] W-9000-autoencoder_1.0-stdout MODEL_LOG - Backend worker process died.
2024-07-11T09:31:17,779 [INFO ] W-9000-autoencoder_1.0-stdout MODEL_LOG - Traceback (most recent call last):
2024-07-11T09:31:17,780 [INFO ] W-9000-autoencoder_1.0-stdout MODEL_LOG -   File "C:\Users\theob\AppData\Local\Programs\Python\Python311\Lib\site-packages\ts\model_loader.py", line 108, in load
2024-07-11T09:31:17,780 [INFO ] W-9000-autoencoder_1.0-stdout MODEL_LOG -     module, function_name = self._load_handler_file(handler)
2024-07-11T09:31:17,780 [INFO ] W-9000-autoencoder_1.0-stdout MODEL_LOG -                             ^^^^^^^^^^^^^^^^^^^^^^^^^^^^^^^^
2024-07-11T09:31:17,781 [INFO ] W-9000-autoencoder_1.0-stdout MODEL_LOG -   File "C:\Users\theob\AppData\Local\Programs\Python\Python311\Lib\site-packages\ts\model_loader.py", line 153, in _load_handler_file
2024-07-11T09:31:17,781 [INFO ] W-9000-autoencoder_1.0-stdout MODEL_LOG -     module = importlib.import_module(module_name)
2024-07-11T09:31:17,781 [INFO ] W-9000-autoencoder_1.0-stdout MODEL_LOG -              ^^^^^^^^^^^^^^^^^^^^^^^^^^^^^^^^^^^^
2024-07-11T09:31:17,782 [INFO ] W-9000-autoencoder_1.0-stdout MODEL_LOG -   File "C:\Users\theob\AppData\Local\Programs\Python\Python311\Lib\importlib\__init__.py", line 126, in import_module
2024-07-11T09:31:17,782 [INFO ] W-9000-autoencoder_1.0-stdout MODEL_LOG -     return _bootstrap._gcd_import(name[level:], package, level)
2024-07-11T09:31:17,782 [INFO ] W-9000-autoencoder_1.0-stdout MODEL_LOG -            ^^^^^^^^^^^^^^^^^^^^^^^^^^^^^^^^^^^^^^^^^^^^^^^^^^^^
2024-07-11T09:31:17,782 [INFO ] W-9000-autoencoder_1.0-stdout MODEL_LOG -   File "<frozen importlib._bootstrap>", line 1206, in _gcd_import
2024-07-11T09:31:17,782 [INFO ] W-9000-autoencoder_1.0-stdout MODEL_LOG -   File "<frozen importlib._bootstrap>", line 1178, in _find_and_load
2024-07-11T09:31:17,784 [INFO ] W-9000-autoencoder_1.0-stdout MODEL_LOG -   File "<frozen importlib._bootstrap>", line 1149, in _find_and_load_unlocked
2024-07-11T09:31:17,784 [INFO ] W-9000-autoencoder_1.0-stdout MODEL_LOG -   File "<frozen importlib._bootstrap>", line 690, in _load_unlocked
2024-07-11T09:31:17,784 [INFO ] W-9000-autoencoder_1.0-stdout MODEL_LOG -   File "<frozen importlib._bootstrap_external>", line 940, in exec_module
2024-07-11T09:31:17,784 [INFO ] W-9000-autoencoder_1.0-stdout MODEL_LOG -   File "<frozen importlib._bootstrap>", line 241, in _call_with_frames_removed
2024-07-11T09:31:17,784 [INFO ] W-9000-autoencoder_1.0-stdout MODEL_LOG -   File "C:\Users\theob\AppData\Local\Temp\models\190b01102ae04d99b379d57afdccd5b7\custom_handler.py", line 5, in <module>
2024-07-11T09:31:17,784 [INFO ] W-9000-autoencoder_1.0-stdout MODEL_LOG -     from autoencoder import Autoencoder
2024-07-11T09:31:17,784 [INFO ] W-9000-autoencoder_1.0-stdout MODEL_LOG -   File "C:\Users\theob\AppData\Local\Temp\models\190b01102ae04d99b379d57afdccd5b7\autoencoder.py", line 4, in <module>
2024-07-11T09:31:17,784 [INFO ] W-9000-autoencoder_1.0-stdout MODEL_LOG -     from preprocess_data import create_dataloader
2024-07-11T09:31:17,784 [INFO ] W-9000-autoencoder_1.0-stdout MODEL_LOG - ModuleNotFoundError: No module named 'preprocess_data'
2024-07-11T09:31:17,784 [INFO ] W-9000-autoencoder_1.0-stdout MODEL_LOG - 
2024-07-11T09:31:17,784 [INFO ] W-9000-autoencoder_1.0-stdout MODEL_LOG - During handling of the above exception, another exception occurred:
2024-07-11T09:31:17,785 [INFO ] W-9000-autoencoder_1.0-stdout MODEL_LOG - 
2024-07-11T09:31:17,785 [INFO ] W-9000-autoencoder_1.0-stdout MODEL_LOG - Traceback (most recent call last):
2024-07-11T09:31:17,785 [INFO ] W-9000-autoencoder_1.0-stdout MODEL_LOG -   File "C:\Users\theob\AppData\Local\Programs\Python\Python311\Lib\site-packages\ts\model_service_worker.py", line 263, in <module>
2024-07-11T09:31:17,785 [INFO ] W-9000-autoencoder_1.0-stdout MODEL_LOG -     worker.run_server()
2024-07-11T09:31:17,785 [INFO ] W-9000-autoencoder_1.0-stdout MODEL_LOG -   File "C:\Users\theob\AppData\Local\Programs\Python\Python311\Lib\site-packages\ts\model_service_worker.py", line 231, in run_server
2024-07-11T09:31:17,785 [INFO ] W-9000-autoencoder_1.0-stdout MODEL_LOG -     self.handle_connection(cl_socket)
2024-07-11T09:31:17,787 [INFO ] W-9000-autoencoder_1.0-stdout MODEL_LOG -   File "C:\Users\theob\AppData\Local\Programs\Python\Python311\Lib\site-packages\ts\model_service_worker.py", line 194, in handle_connection
2024-07-11T09:31:17,787 [INFO ] W-9000-autoencoder_1.0-stdout MODEL_LOG -     service, result, code = self.load_model(msg)
2024-07-11T09:31:17,787 [INFO ] W-9000-autoencoder_1.0-stdout MODEL_LOG -                             ^^^^^^^^^^^^^^^^^^^^
2024-07-11T09:31:17,787 [INFO ] W-9000-autoencoder_1.0-stdout MODEL_LOG -   File "C:\Users\theob\AppData\Local\Programs\Python\Python311\Lib\site-packages\ts\model_service_worker.py", line 131, in load_model
2024-07-11T09:31:17,787 [INFO ] W-9000-autoencoder_1.0-stdout MODEL_LOG -     service = model_loader.load(
2024-07-11T09:31:17,787 [INFO ] W-9000-autoencoder_1.0-stdout MODEL_LOG -               ^^^^^^^^^^^^^^^^^^
2024-07-11T09:31:17,788 [INFO ] W-9000-autoencoder_1.0-stdout MODEL_LOG -   File "C:\Users\theob\AppData\Local\Programs\Python\Python311\Lib\site-packages\ts\model_loader.py", line 110, in load
2024-07-11T09:31:17,788 [INFO ] W-9000-autoencoder_1.0-stdout MODEL_LOG -     module = self._load_default_handler(handler)
2024-07-11T09:31:17,788 [INFO ] W-9000-autoencoder_1.0-stdout MODEL_LOG -              ^^^^^^^^^^^^^^^^^^^^^^^^^^^^^^^^^^^
2024-07-11T09:31:17,788 [INFO ] W-9000-autoencoder_1.0-stdout MODEL_LOG -   File "C:\Users\theob\AppData\Local\Programs\Python\Python311\Lib\site-packages\ts\model_loader.py", line 159, in _load_default_handler
2024-07-11T09:31:17,788 [INFO ] W-9000-autoencoder_1.0-stdout MODEL_LOG -     module = importlib.import_module(module_name, "ts.torch_handler")
2024-07-11T09:31:17,789 [INFO ] W-9000-autoencoder_1.0-stdout MODEL_LOG -              ^^^^^^^^^^^^^^^^^^^^^^^^^^^^^^^^^^^^^^^^^^^^^^^^^^^^^^^^
2024-07-11T09:31:17,789 [INFO ] W-9000-autoencoder_1.0-stdout MODEL_LOG -   File "C:\Users\theob\AppData\Local\Programs\Python\Python311\Lib\importlib\__init__.py", line 126, in import_module
2024-07-11T09:31:17,789 [INFO ] W-9000-autoencoder_1.0-stdout MODEL_LOG -     return _bootstrap._gcd_import(name[level:], package, level)
2024-07-11T09:31:17,789 [INFO ] W-9000-autoencoder_1.0-stdout MODEL_LOG -            ^^^^^^^^^^^^^^^^^^^^^^^^^^^^^^^^^^^^^^^^^^^^^^^^^^^^
2024-07-11T09:31:17,789 [INFO ] W-9000-autoencoder_1.0-stdout MODEL_LOG -   File "<frozen importlib._bootstrap>", line 1206, in _gcd_import
2024-07-11T09:31:17,789 [INFO ] W-9000-autoencoder_1.0-stdout MODEL_LOG -   File "<frozen importlib._bootstrap>", line 1178, in _find_and_load
2024-07-11T09:31:17,789 [INFO ] W-9000-autoencoder_1.0-stdout MODEL_LOG -   File "<frozen importlib._bootstrap>", line 1128, in _find_and_load_unlocked
2024-07-11T09:31:17,790 [INFO ] W-9000-autoencoder_1.0-stdout MODEL_LOG -   File "<frozen importlib._bootstrap>", line 241, in _call_with_frames_removed
2024-07-11T09:31:17,790 [INFO ] W-9000-autoencoder_1.0-stdout MODEL_LOG -   File "<frozen importlib._bootstrap>", line 1206, in _gcd_import
2024-07-11T09:31:17,790 [INFO ] W-9000-autoencoder_1.0-stdout MODEL_LOG -   File "<frozen importlib._bootstrap>", line 1178, in _find_and_load
2024-07-11T09:31:17,790 [INFO ] W-9000-autoencoder_1.0-stdout MODEL_LOG -   File "<frozen importlib._bootstrap>", line 1142, in _find_and_load_unlocked
2024-07-11T09:31:17,790 [INFO ] W-9000-autoencoder_1.0-stdout MODEL_LOG - ModuleNotFoundError: No module named 'ts.torch_handler.custom_handler'
2024-07-11T09:33:43,010 [INFO ] W-9000-autoencoder_1.0-stdout MODEL_LOG - Listening on addr:port: 127.0.0.1:9000
2024-07-11T09:33:43,014 [INFO ] W-9000-autoencoder_1.0-stdout MODEL_LOG - Successfully loaded C:\Users\theob\AppData\Local\Programs\Python\Python311\Lib\site-packages/ts/configs/metrics.yaml.
2024-07-11T09:33:43,015 [INFO ] W-9000-autoencoder_1.0-stdout MODEL_LOG - [PID]2684
2024-07-11T09:33:43,015 [INFO ] W-9000-autoencoder_1.0-stdout MODEL_LOG - Torch worker started.
2024-07-11T09:33:43,015 [INFO ] W-9000-autoencoder_1.0-stdout MODEL_LOG - Python runtime: 3.11.1
2024-07-11T09:33:43,018 [INFO ] W-9000-autoencoder_1.0-stdout MODEL_LOG - Connection accepted: ('127.0.0.1', 9000).
2024-07-11T09:33:43,031 [INFO ] W-9000-autoencoder_1.0-stdout MODEL_LOG - model_name: autoencoder, batchSize: 1
2024-07-11T09:33:43,184 [INFO ] W-9000-autoencoder_1.0-stdout MODEL_LOG - Enabled tensor cores
2024-07-11T09:33:43,185 [INFO ] W-9000-autoencoder_1.0-stdout MODEL_LOG - OpenVINO is not enabled
2024-07-11T09:33:43,186 [INFO ] W-9000-autoencoder_1.0-stdout MODEL_LOG - proceeding without onnxruntime
2024-07-11T09:33:43,186 [INFO ] W-9000-autoencoder_1.0-stdout MODEL_LOG - Torch TensorRT not enabled
2024-07-11T09:33:43,187 [INFO ] W-9000-autoencoder_1.0-stdout MODEL_LOG - Backend worker process died.
2024-07-11T09:33:43,188 [INFO ] W-9000-autoencoder_1.0-stdout MODEL_LOG - Traceback (most recent call last):
2024-07-11T09:33:43,188 [INFO ] W-9000-autoencoder_1.0-stdout MODEL_LOG -   File "C:\Users\theob\AppData\Local\Programs\Python\Python311\Lib\site-packages\ts\model_loader.py", line 108, in load
2024-07-11T09:33:43,189 [INFO ] W-9000-autoencoder_1.0-stdout MODEL_LOG -     module, function_name = self._load_handler_file(handler)
2024-07-11T09:33:43,189 [INFO ] W-9000-autoencoder_1.0-stdout MODEL_LOG -                             ^^^^^^^^^^^^^^^^^^^^^^^^^^^^^^^^
2024-07-11T09:33:43,190 [INFO ] W-9000-autoencoder_1.0-stdout MODEL_LOG -   File "C:\Users\theob\AppData\Local\Programs\Python\Python311\Lib\site-packages\ts\model_loader.py", line 153, in _load_handler_file
2024-07-11T09:33:43,190 [INFO ] W-9000-autoencoder_1.0-stdout MODEL_LOG -     module = importlib.import_module(module_name)
2024-07-11T09:33:43,190 [INFO ] W-9000-autoencoder_1.0-stdout MODEL_LOG -              ^^^^^^^^^^^^^^^^^^^^^^^^^^^^^^^^^^^^
2024-07-11T09:33:43,192 [INFO ] W-9000-autoencoder_1.0-stdout MODEL_LOG -   File "C:\Users\theob\AppData\Local\Programs\Python\Python311\Lib\importlib\__init__.py", line 126, in import_module
2024-07-11T09:33:43,192 [INFO ] W-9000-autoencoder_1.0-stdout MODEL_LOG -     return _bootstrap._gcd_import(name[level:], package, level)
2024-07-11T09:33:43,193 [INFO ] W-9000-autoencoder_1.0-stdout MODEL_LOG -            ^^^^^^^^^^^^^^^^^^^^^^^^^^^^^^^^^^^^^^^^^^^^^^^^^^^^
2024-07-11T09:33:43,193 [INFO ] W-9000-autoencoder_1.0-stdout MODEL_LOG -   File "<frozen importlib._bootstrap>", line 1206, in _gcd_import
2024-07-11T09:33:43,193 [INFO ] W-9000-autoencoder_1.0-stdout MODEL_LOG -   File "<frozen importlib._bootstrap>", line 1178, in _find_and_load
2024-07-11T09:33:43,194 [INFO ] W-9000-autoencoder_1.0-stdout MODEL_LOG -   File "<frozen importlib._bootstrap>", line 1149, in _find_and_load_unlocked
2024-07-11T09:33:43,194 [INFO ] W-9000-autoencoder_1.0-stdout MODEL_LOG -   File "<frozen importlib._bootstrap>", line 690, in _load_unlocked
2024-07-11T09:33:43,195 [INFO ] W-9000-autoencoder_1.0-stdout MODEL_LOG -   File "<frozen importlib._bootstrap_external>", line 940, in exec_module
2024-07-11T09:33:43,196 [INFO ] W-9000-autoencoder_1.0-stdout MODEL_LOG -   File "<frozen importlib._bootstrap>", line 241, in _call_with_frames_removed
2024-07-11T09:33:43,196 [INFO ] W-9000-autoencoder_1.0-stdout MODEL_LOG -   File "C:\Users\theob\AppData\Local\Temp\models\190b01102ae04d99b379d57afdccd5b7\custom_handler.py", line 5, in <module>
2024-07-11T09:33:43,196 [INFO ] W-9000-autoencoder_1.0-stdout MODEL_LOG -     from autoencoder import Autoencoder
2024-07-11T09:33:43,196 [INFO ] W-9000-autoencoder_1.0-stdout MODEL_LOG -   File "C:\Users\theob\AppData\Local\Temp\models\190b01102ae04d99b379d57afdccd5b7\autoencoder.py", line 4, in <module>
2024-07-11T09:33:43,196 [INFO ] W-9000-autoencoder_1.0-stdout MODEL_LOG -     from preprocess_data import create_dataloader
2024-07-11T09:33:43,196 [INFO ] W-9000-autoencoder_1.0-stdout MODEL_LOG - ModuleNotFoundError: No module named 'preprocess_data'
2024-07-11T09:33:43,198 [INFO ] W-9000-autoencoder_1.0-stdout MODEL_LOG - 
2024-07-11T09:33:43,198 [INFO ] W-9000-autoencoder_1.0-stdout MODEL_LOG - During handling of the above exception, another exception occurred:
2024-07-11T09:33:43,198 [INFO ] W-9000-autoencoder_1.0-stdout MODEL_LOG - 
2024-07-11T09:33:43,198 [INFO ] W-9000-autoencoder_1.0-stdout MODEL_LOG - Traceback (most recent call last):
2024-07-11T09:33:43,198 [INFO ] W-9000-autoencoder_1.0-stdout MODEL_LOG -   File "C:\Users\theob\AppData\Local\Programs\Python\Python311\Lib\site-packages\ts\model_service_worker.py", line 263, in <module>
2024-07-11T09:33:43,198 [INFO ] W-9000-autoencoder_1.0-stdout MODEL_LOG -     worker.run_server()
2024-07-11T09:33:43,198 [INFO ] W-9000-autoencoder_1.0-stdout MODEL_LOG -   File "C:\Users\theob\AppData\Local\Programs\Python\Python311\Lib\site-packages\ts\model_service_worker.py", line 231, in run_server
2024-07-11T09:33:43,198 [INFO ] W-9000-autoencoder_1.0-stdout MODEL_LOG -     self.handle_connection(cl_socket)
2024-07-11T09:33:43,198 [INFO ] W-9000-autoencoder_1.0-stdout MODEL_LOG -   File "C:\Users\theob\AppData\Local\Programs\Python\Python311\Lib\site-packages\ts\model_service_worker.py", line 194, in handle_connection
2024-07-11T09:33:43,199 [INFO ] W-9000-autoencoder_1.0-stdout MODEL_LOG -     service, result, code = self.load_model(msg)
2024-07-11T09:33:43,199 [INFO ] W-9000-autoencoder_1.0-stdout MODEL_LOG -                             ^^^^^^^^^^^^^^^^^^^^
2024-07-11T09:33:43,199 [INFO ] W-9000-autoencoder_1.0-stdout MODEL_LOG -   File "C:\Users\theob\AppData\Local\Programs\Python\Python311\Lib\site-packages\ts\model_service_worker.py", line 131, in load_model
2024-07-11T09:33:43,199 [INFO ] W-9000-autoencoder_1.0-stdout MODEL_LOG -     service = model_loader.load(
2024-07-11T09:33:43,199 [INFO ] W-9000-autoencoder_1.0-stdout MODEL_LOG -               ^^^^^^^^^^^^^^^^^^
2024-07-11T09:33:43,199 [INFO ] W-9000-autoencoder_1.0-stdout MODEL_LOG -   File "C:\Users\theob\AppData\Local\Programs\Python\Python311\Lib\site-packages\ts\model_loader.py", line 110, in load
2024-07-11T09:33:43,199 [INFO ] W-9000-autoencoder_1.0-stdout MODEL_LOG -     module = self._load_default_handler(handler)
2024-07-11T09:33:43,199 [INFO ] W-9000-autoencoder_1.0-stdout MODEL_LOG -              ^^^^^^^^^^^^^^^^^^^^^^^^^^^^^^^^^^^
2024-07-11T09:33:43,199 [INFO ] W-9000-autoencoder_1.0-stdout MODEL_LOG -   File "C:\Users\theob\AppData\Local\Programs\Python\Python311\Lib\site-packages\ts\model_loader.py", line 159, in _load_default_handler
2024-07-11T09:33:43,199 [INFO ] W-9000-autoencoder_1.0-stdout MODEL_LOG -     module = importlib.import_module(module_name, "ts.torch_handler")
2024-07-11T09:33:43,199 [INFO ] W-9000-autoencoder_1.0-stdout MODEL_LOG -              ^^^^^^^^^^^^^^^^^^^^^^^^^^^^^^^^^^^^^^^^^^^^^^^^^^^^^^^^
2024-07-11T09:33:43,200 [INFO ] W-9000-autoencoder_1.0-stdout MODEL_LOG -   File "C:\Users\theob\AppData\Local\Programs\Python\Python311\Lib\importlib\__init__.py", line 126, in import_module
2024-07-11T09:33:43,200 [INFO ] W-9000-autoencoder_1.0-stdout MODEL_LOG -     return _bootstrap._gcd_import(name[level:], package, level)
2024-07-11T09:33:43,200 [INFO ] W-9000-autoencoder_1.0-stdout MODEL_LOG -            ^^^^^^^^^^^^^^^^^^^^^^^^^^^^^^^^^^^^^^^^^^^^^^^^^^^^
2024-07-11T09:33:43,200 [INFO ] W-9000-autoencoder_1.0-stdout MODEL_LOG -   File "<frozen importlib._bootstrap>", line 1206, in _gcd_import
2024-07-11T09:33:43,200 [INFO ] W-9000-autoencoder_1.0-stdout MODEL_LOG -   File "<frozen importlib._bootstrap>", line 1178, in _find_and_load
2024-07-11T09:33:43,200 [INFO ] W-9000-autoencoder_1.0-stdout MODEL_LOG -   File "<frozen importlib._bootstrap>", line 1128, in _find_and_load_unlocked
2024-07-11T09:33:43,200 [INFO ] W-9000-autoencoder_1.0-stdout MODEL_LOG -   File "<frozen importlib._bootstrap>", line 241, in _call_with_frames_removed
2024-07-11T09:33:43,200 [INFO ] W-9000-autoencoder_1.0-stdout MODEL_LOG -   File "<frozen importlib._bootstrap>", line 1206, in _gcd_import
2024-07-11T09:33:43,200 [INFO ] W-9000-autoencoder_1.0-stdout MODEL_LOG -   File "<frozen importlib._bootstrap>", line 1178, in _find_and_load
2024-07-11T09:33:43,200 [INFO ] W-9000-autoencoder_1.0-stdout MODEL_LOG -   File "<frozen importlib._bootstrap>", line 1142, in _find_and_load_unlocked
2024-07-11T09:33:43,201 [INFO ] W-9000-autoencoder_1.0-stdout MODEL_LOG - ModuleNotFoundError: No module named 'ts.torch_handler.custom_handler'
